[23-Dec-2022 08:09:30 UTC] PHP Fatal error:  Cannot redeclare cw_post_type_news() (previously declared in /home/maniabest/public_html/wp-content/themes/astra-child/functions.php:51) in /home/maniabest/public_html/wp-content/themes/astra-child/functions.php on line 162
[23-Dec-2022 08:09:30 UTC] PHP Fatal error:  Cannot redeclare cw_post_type_news() (previously declared in /home/maniabest/public_html/wp-content/themes/astra-child/functions.php:51) in /home/maniabest/public_html/wp-content/themes/astra-child/functions.php on line 162
[23-Dec-2022 08:10:44 UTC] PHP Fatal error:  Cannot redeclare create_posttype() (previously declared in /home/maniabest/public_html/wp-content/themes/astra-child/functions.php:32) in /home/maniabest/public_html/wp-content/themes/astra-child/functions.php on line 164
[23-Dec-2022 08:10:45 UTC] PHP Fatal error:  Cannot redeclare create_posttype() (previously declared in /home/maniabest/public_html/wp-content/themes/astra-child/functions.php:32) in /home/maniabest/public_html/wp-content/themes/astra-child/functions.php on line 164
[23-Dec-2022 08:12:27 UTC] PHP Notice:  Undefined index: rest_route in /home/maniabest/public_html/wp-content/plugins/woocommerce-crif-payment-gateway 1.6.3/index.php on line 59
[23-Dec-2022 08:12:49 UTC] PHP Notice:  Undefined index: rest_route in /home/maniabest/public_html/wp-content/plugins/woocommerce-crif-payment-gateway 1.6.3/index.php on line 59
[23-Dec-2022 08:13:42 UTC] PHP Notice:  Function map_meta_cap was called <strong>incorrectly</strong>. The post type <code>news</code> is not registered, so it may not be reliable to check the capability <code>edit_post</code> against a post of that type. Please see <a href="https://wordpress.org/support/article/debugging-in-wordpress/">Debugging in WordPress</a> for more information. (This message was added in version 4.4.0.) in /home/maniabest/public_html/wp-includes/functions.php on line 5835
[23-Dec-2022 08:13:44 UTC] PHP Notice:  Function map_meta_cap was called <strong>incorrectly</strong>. The post type <code>news</code> is not registered, so it may not be reliable to check the capability <code>edit_post</code> against a post of that type. Please see <a href="https://wordpress.org/support/article/debugging-in-wordpress/">Debugging in WordPress</a> for more information. (This message was added in version 4.4.0.) in /home/maniabest/public_html/wp-includes/functions.php on line 5835
[23-Dec-2022 08:14:10 UTC] PHP Notice:  Undefined index: rest_route in /home/maniabest/public_html/wp-content/plugins/woocommerce-crif-payment-gateway 1.6.3/index.php on line 59
[23-Dec-2022 08:14:24 UTC] PHP Notice:  Undefined index: rest_route in /home/maniabest/public_html/wp-content/plugins/woocommerce-crif-payment-gateway 1.6.3/index.php on line 59
[23-Dec-2022 08:14:34 UTC] PHP Notice:  Undefined index: rest_route in /home/maniabest/public_html/wp-content/plugins/woocommerce-crif-payment-gateway 1.6.3/index.php on line 59
[23-Dec-2022 08:14:57 UTC] PHP Notice:  Undefined index: rest_route in /home/maniabest/public_html/wp-content/plugins/woocommerce-crif-payment-gateway 1.6.3/index.php on line 59
[23-Dec-2022 08:15:08 UTC] PHP Notice:  Undefined index: rest_route in /home/maniabest/public_html/wp-content/plugins/woocommerce-crif-payment-gateway 1.6.3/index.php on line 59
[23-Dec-2022 08:15:25 UTC] PHP Notice:  Undefined index: rest_route in /home/maniabest/public_html/wp-content/plugins/woocommerce-crif-payment-gateway 1.6.3/index.php on line 59
[23-Dec-2022 08:15:33 UTC] PHP Notice:  Undefined index: rest_route in /home/maniabest/public_html/wp-content/plugins/woocommerce-crif-payment-gateway 1.6.3/index.php on line 59
[23-Dec-2022 08:15:58 UTC] PHP Notice:  Undefined index: rest_route in /home/maniabest/public_html/wp-content/plugins/woocommerce-crif-payment-gateway 1.6.3/index.php on line 59
[23-Dec-2022 08:16:28 UTC] PHP Notice:  Undefined index: rest_route in /home/maniabest/public_html/wp-content/plugins/woocommerce-crif-payment-gateway 1.6.3/index.php on line 59
[23-Dec-2022 08:16:29 UTC] PHP Notice:  Undefined index: rest_route in /home/maniabest/public_html/wp-content/plugins/woocommerce-crif-payment-gateway 1.6.3/index.php on line 59
[23-Dec-2022 08:16:48 UTC] PHP Notice:  Undefined index: rest_route in /home/maniabest/public_html/wp-content/plugins/woocommerce-crif-payment-gateway 1.6.3/index.php on line 59
[23-Dec-2022 08:18:20 UTC] PHP Notice:  Undefined index: rest_route in /home/maniabest/public_html/wp-content/plugins/woocommerce-crif-payment-gateway 1.6.3/index.php on line 59
[23-Dec-2022 08:19:00 UTC] PHP Notice:  Undefined index: rest_route in /home/maniabest/public_html/wp-content/plugins/woocommerce-crif-payment-gateway 1.6.3/index.php on line 59
[23-Dec-2022 08:19:17 UTC] PHP Notice:  Undefined index: rest_route in /home/maniabest/public_html/wp-content/plugins/woocommerce-crif-payment-gateway 1.6.3/index.php on line 59
[23-Dec-2022 08:20:18 UTC] PHP Notice:  Undefined index: rest_route in /home/maniabest/public_html/wp-content/plugins/woocommerce-crif-payment-gateway 1.6.3/index.php on line 59
[23-Dec-2022 08:20:23 UTC] PHP Notice:  Undefined index: rest_route in /home/maniabest/public_html/wp-content/plugins/woocommerce-crif-payment-gateway 1.6.3/index.php on line 59
[23-Dec-2022 08:20:26 UTC] PHP Notice:  Undefined index: rest_route in /home/maniabest/public_html/wp-content/plugins/woocommerce-crif-payment-gateway 1.6.3/index.php on line 59
[23-Dec-2022 08:20:27 UTC] PHP Notice:  Undefined offset: 0 in /home/maniabest/public_html/wp-content/plugins/elementor-pro/modules/dynamic-tags/acf/tags/acf-text.php on line 33
[23-Dec-2022 08:20:27 UTC] PHP Notice:  Undefined offset: 1 in /home/maniabest/public_html/wp-content/plugins/elementor-pro/modules/dynamic-tags/acf/tags/acf-text.php on line 33
[23-Dec-2022 08:20:27 UTC] PHP Notice:  Undefined offset: 0 in /home/maniabest/public_html/wp-content/plugins/elementor-pro/modules/dynamic-tags/acf/tags/acf-text.php on line 33
[23-Dec-2022 08:20:27 UTC] PHP Notice:  Undefined offset: 1 in /home/maniabest/public_html/wp-content/plugins/elementor-pro/modules/dynamic-tags/acf/tags/acf-text.php on line 33
[23-Dec-2022 08:20:34 UTC] PHP Notice:  Undefined index: rest_route in /home/maniabest/public_html/wp-content/plugins/woocommerce-crif-payment-gateway 1.6.3/index.php on line 59
[23-Dec-2022 08:20:34 UTC] PHP Notice:  Undefined offset: 0 in /home/maniabest/public_html/wp-content/plugins/elementor-pro/modules/dynamic-tags/acf/tags/acf-text.php on line 33
[23-Dec-2022 08:20:34 UTC] PHP Notice:  Undefined offset: 1 in /home/maniabest/public_html/wp-content/plugins/elementor-pro/modules/dynamic-tags/acf/tags/acf-text.php on line 33
[23-Dec-2022 08:21:18 UTC] PHP Notice:  Undefined index: rest_route in /home/maniabest/public_html/wp-content/plugins/woocommerce-crif-payment-gateway 1.6.3/index.php on line 59
[23-Dec-2022 08:21:57 UTC] PHP Notice:  Undefined offset: 0 in /home/maniabest/public_html/wp-content/plugins/elementor-pro/modules/dynamic-tags/acf/tags/acf-text.php on line 33
[23-Dec-2022 08:21:57 UTC] PHP Notice:  Undefined offset: 1 in /home/maniabest/public_html/wp-content/plugins/elementor-pro/modules/dynamic-tags/acf/tags/acf-text.php on line 33
[23-Dec-2022 08:21:57 UTC] Payment gateway with handle 'wc-payment-method-bacs' has been deactivated in Cart and Checkout blocks because its dependency 'wc-blocks-registry' is not registered. Read the docs about registering assets for payment methods: https://github.com/woocommerce/woocommerce-blocks/blob/060f63c04f0f34f645200b5d4da9212125c49177/docs/third-party-developers/extensibility/checkout-payment-methods/payment-method-integration.md#registering-assets
[23-Dec-2022 08:21:57 UTC] Payment gateway with handle 'wc-payment-method-bacs' has been deactivated in Cart and Checkout blocks because its dependency 'wc-settings' is not registered. Read the docs about registering assets for payment methods: https://github.com/woocommerce/woocommerce-blocks/blob/060f63c04f0f34f645200b5d4da9212125c49177/docs/third-party-developers/extensibility/checkout-payment-methods/payment-method-integration.md#registering-assets
[23-Dec-2022 08:21:57 UTC] PHP Deprecated:  Function _content_template is <strong>deprecated</strong> since version 2.9.0! Use Elementor\Controls_Stack::content_template() instead. in /home/maniabest/public_html/wp-includes/functions.php on line 5383
[23-Dec-2022 08:21:57 UTC] PHP Deprecated:  Function _content_template is <strong>deprecated</strong> since version 2.9.0! Use Elementor\Controls_Stack::content_template() instead. in /home/maniabest/public_html/wp-includes/functions.php on line 5383
[23-Dec-2022 08:21:57 UTC] PHP Deprecated:  Function _content_template is <strong>deprecated</strong> since version 2.9.0! Use Elementor\Controls_Stack::content_template() instead. in /home/maniabest/public_html/wp-includes/functions.php on line 5383
[23-Dec-2022 08:22:02 UTC] PHP Notice:  Undefined index: rest_route in /home/maniabest/public_html/wp-content/plugins/woocommerce-crif-payment-gateway 1.6.3/index.php on line 59
[23-Dec-2022 08:22:02 UTC] PHP Notice:  require(): read of 3244 bytes failed with errno=12 Cannot allocate memory in /home/maniabest/public_html/wp-content/plugins/woocommerce/vendor/jetpack-autoloader/class-php-autoloader.php on line 87
[23-Dec-2022 08:22:02 UTC] PHP Fatal error:  require(): Failed opening required '/home/maniabest/public_html/wp-content/plugins/woocommerce/src/Admin/Features/Onboarding.php' (include_path='.:/opt/alt/php74/usr/share/pear') in /home/maniabest/public_html/wp-content/plugins/woocommerce/vendor/jetpack-autoloader/class-php-autoloader.php on line 87
[23-Dec-2022 08:22:04 UTC] PHP Deprecated:  Function _register_controls is <strong>deprecated</strong> since version 3.1.0! Use Elementor\Controls_Stack::register_controls() instead. in /home/maniabest/public_html/wp-includes/functions.php on line 5383
[23-Dec-2022 08:22:04 UTC] PHP Deprecated:  Function _register_controls is <strong>deprecated</strong> since version 3.1.0! Use Elementor\Controls_Stack::register_controls() instead. in /home/maniabest/public_html/wp-includes/functions.php on line 5383
[23-Dec-2022 08:22:04 UTC] PHP Deprecated:  Function _register_controls is <strong>deprecated</strong> since version 3.1.0! Use Elementor\Controls_Stack::register_controls() instead. in /home/maniabest/public_html/wp-includes/functions.php on line 5383
[23-Dec-2022 08:22:04 UTC] PHP Deprecated:  Function _register_controls is <strong>deprecated</strong> since version 3.1.0! Use Elementor\Controls_Stack::register_controls() instead. in /home/maniabest/public_html/wp-includes/functions.php on line 5383
[23-Dec-2022 08:22:11 UTC] PHP Notice:  Undefined offset: 0 in /home/maniabest/public_html/wp-content/plugins/elementor-pro/modules/dynamic-tags/acf/tags/acf-text.php on line 33
[23-Dec-2022 08:22:11 UTC] PHP Notice:  Undefined offset: 1 in /home/maniabest/public_html/wp-content/plugins/elementor-pro/modules/dynamic-tags/acf/tags/acf-text.php on line 33
[23-Dec-2022 08:23:10 UTC] PHP Notice:  Undefined index: rest_route in /home/maniabest/public_html/wp-content/plugins/woocommerce-crif-payment-gateway 1.6.3/index.php on line 59
[23-Dec-2022 08:23:10 UTC] PHP Notice:  Undefined offset: 0 in /home/maniabest/public_html/wp-content/plugins/elementor-pro/modules/dynamic-tags/acf/tags/acf-text.php on line 33
[23-Dec-2022 08:23:10 UTC] PHP Notice:  Undefined offset: 1 in /home/maniabest/public_html/wp-content/plugins/elementor-pro/modules/dynamic-tags/acf/tags/acf-text.php on line 33
[23-Dec-2022 08:23:46 UTC] PHP Notice:  Undefined index: rest_route in /home/maniabest/public_html/wp-content/plugins/woocommerce-crif-payment-gateway 1.6.3/index.php on line 59
[23-Dec-2022 08:23:46 UTC] PHP Notice:  Undefined offset: 0 in /home/maniabest/public_html/wp-content/plugins/elementor-pro/modules/dynamic-tags/acf/tags/acf-text.php on line 33
[23-Dec-2022 08:23:46 UTC] PHP Notice:  Undefined offset: 1 in /home/maniabest/public_html/wp-content/plugins/elementor-pro/modules/dynamic-tags/acf/tags/acf-text.php on line 33
[23-Dec-2022 08:26:30 UTC] PHP Notice:  Undefined index: rest_route in /home/maniabest/public_html/wp-content/plugins/woocommerce-crif-payment-gateway 1.6.3/index.php on line 59
[23-Dec-2022 08:27:03 UTC] Payment gateway with handle 'wc-payment-method-bacs' has been deactivated in Cart and Checkout blocks because its dependency 'wc-blocks-registry' is not registered. Read the docs about registering assets for payment methods: https://github.com/woocommerce/woocommerce-blocks/blob/060f63c04f0f34f645200b5d4da9212125c49177/docs/third-party-developers/extensibility/checkout-payment-methods/payment-method-integration.md#registering-assets
[23-Dec-2022 08:27:03 UTC] Payment gateway with handle 'wc-payment-method-bacs' has been deactivated in Cart and Checkout blocks because its dependency 'wc-settings' is not registered. Read the docs about registering assets for payment methods: https://github.com/woocommerce/woocommerce-blocks/blob/060f63c04f0f34f645200b5d4da9212125c49177/docs/third-party-developers/extensibility/checkout-payment-methods/payment-method-integration.md#registering-assets
[23-Dec-2022 08:27:03 UTC] PHP Deprecated:  Function _content_template is <strong>deprecated</strong> since version 2.9.0! Use Elementor\Controls_Stack::content_template() instead. in /home/maniabest/public_html/wp-includes/functions.php on line 5383
[23-Dec-2022 08:27:03 UTC] PHP Deprecated:  Function _content_template is <strong>deprecated</strong> since version 2.9.0! Use Elementor\Controls_Stack::content_template() instead. in /home/maniabest/public_html/wp-includes/functions.php on line 5383
[23-Dec-2022 08:27:03 UTC] PHP Deprecated:  Function _content_template is <strong>deprecated</strong> since version 2.9.0! Use Elementor\Controls_Stack::content_template() instead. in /home/maniabest/public_html/wp-includes/functions.php on line 5383
[23-Dec-2022 08:27:07 UTC] PHP Notice:  Undefined index: rest_route in /home/maniabest/public_html/wp-content/plugins/woocommerce-crif-payment-gateway 1.6.3/index.php on line 59
[23-Dec-2022 08:27:08 UTC] PHP Fatal error:  require_once(): Failed opening required '/home/maniabest/public_html/wp-content/plugins/astra-addon/admin/bsf-analytics/class-bsf-analytics.php' (include_path='.:/opt/alt/php74/usr/share/pear') in /home/maniabest/public_html/wp-content/plugins/astra-addon/admin/bsf-analytics/class-bsf-analytics-loader.php on line 113
[23-Dec-2022 08:27:08 UTC] PHP Notice:  require(): read of 2813 bytes failed with errno=14 Bad address in /home/maniabest/public_html/wp-content/plugins/woocommerce/vendor/jetpack-autoloader/class-php-autoloader.php on line 87
[23-Dec-2022 08:27:08 UTC] PHP Warning:  Cannot modify header information - headers already sent by (output started at /home/maniabest/public_html/wp-content/plugins/woocommerce/vendor/jetpack-autoloader/class-php-autoloader.php:87) in /home/maniabest/public_html/wp-includes/rest-api/class-wp-rest-server.php on line 1752
[23-Dec-2022 08:27:08 UTC] PHP Warning:  Cannot modify header information - headers already sent by (output started at /home/maniabest/public_html/wp-content/plugins/woocommerce/vendor/jetpack-autoloader/class-php-autoloader.php:87) in /home/maniabest/public_html/wp-includes/rest-api/class-wp-rest-server.php on line 1752
[23-Dec-2022 08:27:08 UTC] PHP Warning:  Cannot modify header information - headers already sent by (output started at /home/maniabest/public_html/wp-content/plugins/woocommerce/vendor/jetpack-autoloader/class-php-autoloader.php:87) in /home/maniabest/public_html/wp-includes/rest-api/class-wp-rest-server.php on line 1752
[23-Dec-2022 08:27:08 UTC] PHP Warning:  Cannot modify header information - headers already sent by (output started at /home/maniabest/public_html/wp-content/plugins/woocommerce/vendor/jetpack-autoloader/class-php-autoloader.php:87) in /home/maniabest/public_html/wp-includes/rest-api/class-wp-rest-server.php on line 1752
[23-Dec-2022 08:27:08 UTC] PHP Warning:  Cannot modify header information - headers already sent by (output started at /home/maniabest/public_html/wp-content/plugins/woocommerce/vendor/jetpack-autoloader/class-php-autoloader.php:87) in /home/maniabest/public_html/wp-includes/rest-api/class-wp-rest-server.php on line 1752
[23-Dec-2022 08:27:08 UTC] PHP Warning:  Cannot modify header information - headers already sent by (output started at /home/maniabest/public_html/wp-content/plugins/woocommerce/vendor/jetpack-autoloader/class-php-autoloader.php:87) in /home/maniabest/public_html/wp-includes/rest-api/class-wp-rest-server.php on line 1752
[23-Dec-2022 08:27:08 UTC] PHP Warning:  Cannot modify header information - headers already sent by (output started at /home/maniabest/public_html/wp-content/plugins/woocommerce/vendor/jetpack-autoloader/class-php-autoloader.php:87) in /home/maniabest/public_html/wp-includes/rest-api/class-wp-rest-server.php on line 1752
[23-Dec-2022 08:27:08 UTC] PHP Warning:  Cannot modify header information - headers already sent by (output started at /home/maniabest/public_html/wp-content/plugins/woocommerce/vendor/jetpack-autoloader/class-php-autoloader.php:87) in /home/maniabest/public_html/wp-includes/rest-api/class-wp-rest-server.php on line 1752
[23-Dec-2022 08:27:08 UTC] PHP Warning:  Cannot modify header information - headers already sent by (output started at /home/maniabest/public_html/wp-content/plugins/woocommerce/vendor/jetpack-autoloader/class-php-autoloader.php:87) in /home/maniabest/public_html/wp-includes/rest-api/class-wp-rest-server.php on line 1776
[23-Dec-2022 08:27:08 UTC] PHP Warning:  Cannot modify header information - headers already sent by (output started at /home/maniabest/public_html/wp-content/plugins/woocommerce/vendor/jetpack-autoloader/class-php-autoloader.php:87) in /home/maniabest/public_html/wp-includes/rest-api/class-wp-rest-server.php on line 1752
[23-Dec-2022 08:27:08 UTC] PHP Warning:  Cannot modify header information - headers already sent by (output started at /home/maniabest/public_html/wp-content/plugins/woocommerce/vendor/jetpack-autoloader/class-php-autoloader.php:87) in /home/maniabest/public_html/wp-includes/rest-api/class-wp-rest-server.php on line 1752
[23-Dec-2022 08:27:11 UTC] PHP Deprecated:  Function _register_controls is <strong>deprecated</strong> since version 3.1.0! Use Elementor\Controls_Stack::register_controls() instead. in /home/maniabest/public_html/wp-includes/functions.php on line 5383
[23-Dec-2022 08:27:11 UTC] PHP Deprecated:  Function _register_controls is <strong>deprecated</strong> since version 3.1.0! Use Elementor\Controls_Stack::register_controls() instead. in /home/maniabest/public_html/wp-includes/functions.php on line 5383
[23-Dec-2022 08:27:11 UTC] PHP Deprecated:  Function _register_controls is <strong>deprecated</strong> since version 3.1.0! Use Elementor\Controls_Stack::register_controls() instead. in /home/maniabest/public_html/wp-includes/functions.php on line 5383
[23-Dec-2022 08:27:11 UTC] PHP Deprecated:  Function _register_controls is <strong>deprecated</strong> since version 3.1.0! Use Elementor\Controls_Stack::register_controls() instead. in /home/maniabest/public_html/wp-includes/functions.php on line 5383
[23-Dec-2022 08:27:12 UTC] PHP Notice:  Undefined index: rest_route in /home/maniabest/public_html/wp-content/plugins/woocommerce-crif-payment-gateway 1.6.3/index.php on line 59
[23-Dec-2022 08:27:46 UTC] Payment gateway with handle 'wc-payment-method-bacs' has been deactivated in Cart and Checkout blocks because its dependency 'wc-blocks-registry' is not registered. Read the docs about registering assets for payment methods: https://github.com/woocommerce/woocommerce-blocks/blob/060f63c04f0f34f645200b5d4da9212125c49177/docs/third-party-developers/extensibility/checkout-payment-methods/payment-method-integration.md#registering-assets
[23-Dec-2022 08:27:46 UTC] Payment gateway with handle 'wc-payment-method-bacs' has been deactivated in Cart and Checkout blocks because its dependency 'wc-settings' is not registered. Read the docs about registering assets for payment methods: https://github.com/woocommerce/woocommerce-blocks/blob/060f63c04f0f34f645200b5d4da9212125c49177/docs/third-party-developers/extensibility/checkout-payment-methods/payment-method-integration.md#registering-assets
[23-Dec-2022 08:27:46 UTC] PHP Deprecated:  Function _content_template is <strong>deprecated</strong> since version 2.9.0! Use Elementor\Controls_Stack::content_template() instead. in /home/maniabest/public_html/wp-includes/functions.php on line 5383
[23-Dec-2022 08:27:46 UTC] PHP Deprecated:  Function _content_template is <strong>deprecated</strong> since version 2.9.0! Use Elementor\Controls_Stack::content_template() instead. in /home/maniabest/public_html/wp-includes/functions.php on line 5383
[23-Dec-2022 08:27:46 UTC] PHP Deprecated:  Function _content_template is <strong>deprecated</strong> since version 2.9.0! Use Elementor\Controls_Stack::content_template() instead. in /home/maniabest/public_html/wp-includes/functions.php on line 5383
[23-Dec-2022 08:27:50 UTC] PHP Notice:  Undefined index: rest_route in /home/maniabest/public_html/wp-content/plugins/woocommerce-crif-payment-gateway 1.6.3/index.php on line 59
[23-Dec-2022 08:27:53 UTC] PHP Deprecated:  Function _register_controls is <strong>deprecated</strong> since version 3.1.0! Use Elementor\Controls_Stack::register_controls() instead. in /home/maniabest/public_html/wp-includes/functions.php on line 5383
[23-Dec-2022 08:27:53 UTC] PHP Deprecated:  Function _register_controls is <strong>deprecated</strong> since version 3.1.0! Use Elementor\Controls_Stack::register_controls() instead. in /home/maniabest/public_html/wp-includes/functions.php on line 5383
[23-Dec-2022 08:27:53 UTC] PHP Deprecated:  Function _register_controls is <strong>deprecated</strong> since version 3.1.0! Use Elementor\Controls_Stack::register_controls() instead. in /home/maniabest/public_html/wp-includes/functions.php on line 5383
[23-Dec-2022 08:27:53 UTC] PHP Deprecated:  Function _register_controls is <strong>deprecated</strong> since version 3.1.0! Use Elementor\Controls_Stack::register_controls() instead. in /home/maniabest/public_html/wp-includes/functions.php on line 5383
[23-Dec-2022 08:27:55 UTC] PHP Notice:  Undefined index: rest_route in /home/maniabest/public_html/wp-content/plugins/woocommerce-crif-payment-gateway 1.6.3/index.php on line 59
[23-Dec-2022 08:29:23 UTC] PHP Notice:  Undefined index: rest_route in /home/maniabest/public_html/wp-content/plugins/woocommerce-crif-payment-gateway 1.6.3/index.php on line 59
[23-Dec-2022 08:29:23 UTC] PHP Notice:  Undefined offset: 0 in /home/maniabest/public_html/wp-content/plugins/elementor-pro/modules/dynamic-tags/acf/tags/acf-text.php on line 33
[23-Dec-2022 08:29:23 UTC] PHP Notice:  Undefined offset: 1 in /home/maniabest/public_html/wp-content/plugins/elementor-pro/modules/dynamic-tags/acf/tags/acf-text.php on line 33
[23-Dec-2022 08:29:43 UTC] PHP Notice:  Function map_meta_cap was called <strong>incorrectly</strong>. The post type <code>test</code> is not registered, so it may not be reliable to check the capability <code>edit_post</code> against a post of that type. Please see <a href="https://wordpress.org/support/article/debugging-in-wordpress/">Debugging in WordPress</a> for more information. (This message was added in version 4.4.0.) in /home/maniabest/public_html/wp-includes/functions.php on line 5835
[23-Dec-2022 08:30:00 UTC] PHP Notice:  Undefined index: rest_route in /home/maniabest/public_html/wp-content/plugins/woocommerce-crif-payment-gateway 1.6.3/index.php on line 59
[23-Dec-2022 08:30:00 UTC] PHP Notice:  Undefined offset: 0 in /home/maniabest/public_html/wp-content/plugins/elementor-pro/modules/dynamic-tags/acf/tags/acf-text.php on line 33
[23-Dec-2022 08:30:00 UTC] PHP Notice:  Undefined offset: 1 in /home/maniabest/public_html/wp-content/plugins/elementor-pro/modules/dynamic-tags/acf/tags/acf-text.php on line 33
[23-Dec-2022 08:30:14 UTC] PHP Notice:  Undefined offset: 0 in /home/maniabest/public_html/wp-content/plugins/elementor-pro/modules/dynamic-tags/acf/tags/acf-text.php on line 33
[23-Dec-2022 08:30:14 UTC] PHP Notice:  Undefined offset: 1 in /home/maniabest/public_html/wp-content/plugins/elementor-pro/modules/dynamic-tags/acf/tags/acf-text.php on line 33
[23-Dec-2022 08:30:14 UTC] Payment gateway with handle 'wc-payment-method-bacs' has been deactivated in Cart and Checkout blocks because its dependency 'wc-blocks-registry' is not registered. Read the docs about registering assets for payment methods: https://github.com/woocommerce/woocommerce-blocks/blob/060f63c04f0f34f645200b5d4da9212125c49177/docs/third-party-developers/extensibility/checkout-payment-methods/payment-method-integration.md#registering-assets
[23-Dec-2022 08:30:14 UTC] Payment gateway with handle 'wc-payment-method-bacs' has been deactivated in Cart and Checkout blocks because its dependency 'wc-settings' is not registered. Read the docs about registering assets for payment methods: https://github.com/woocommerce/woocommerce-blocks/blob/060f63c04f0f34f645200b5d4da9212125c49177/docs/third-party-developers/extensibility/checkout-payment-methods/payment-method-integration.md#registering-assets
[23-Dec-2022 08:30:14 UTC] PHP Deprecated:  Function _content_template is <strong>deprecated</strong> since version 2.9.0! Use Elementor\Controls_Stack::content_template() instead. in /home/maniabest/public_html/wp-includes/functions.php on line 5383
[23-Dec-2022 08:30:14 UTC] PHP Deprecated:  Function _content_template is <strong>deprecated</strong> since version 2.9.0! Use Elementor\Controls_Stack::content_template() instead. in /home/maniabest/public_html/wp-includes/functions.php on line 5383
[23-Dec-2022 08:30:14 UTC] PHP Deprecated:  Function _content_template is <strong>deprecated</strong> since version 2.9.0! Use Elementor\Controls_Stack::content_template() instead. in /home/maniabest/public_html/wp-includes/functions.php on line 5383
[23-Dec-2022 08:30:19 UTC] PHP Notice:  Undefined index: rest_route in /home/maniabest/public_html/wp-content/plugins/woocommerce-crif-payment-gateway 1.6.3/index.php on line 59
[23-Dec-2022 08:30:19 UTC] PHP Deprecated:  Function _register_controls is <strong>deprecated</strong> since version 3.1.0! Use Elementor\Controls_Stack::register_controls() instead. in /home/maniabest/public_html/wp-includes/functions.php on line 5383
[23-Dec-2022 08:30:19 UTC] PHP Deprecated:  Function _register_controls is <strong>deprecated</strong> since version 3.1.0! Use Elementor\Controls_Stack::register_controls() instead. in /home/maniabest/public_html/wp-includes/functions.php on line 5383
[23-Dec-2022 08:30:19 UTC] PHP Deprecated:  Function _register_controls is <strong>deprecated</strong> since version 3.1.0! Use Elementor\Controls_Stack::register_controls() instead. in /home/maniabest/public_html/wp-includes/functions.php on line 5383
[23-Dec-2022 08:30:19 UTC] PHP Deprecated:  Function _register_controls is <strong>deprecated</strong> since version 3.1.0! Use Elementor\Controls_Stack::register_controls() instead. in /home/maniabest/public_html/wp-includes/functions.php on line 5383
[23-Dec-2022 08:30:26 UTC] PHP Notice:  Undefined offset: 0 in /home/maniabest/public_html/wp-content/plugins/elementor-pro/modules/dynamic-tags/acf/tags/acf-text.php on line 33
[23-Dec-2022 08:30:26 UTC] PHP Notice:  Undefined offset: 1 in /home/maniabest/public_html/wp-content/plugins/elementor-pro/modules/dynamic-tags/acf/tags/acf-text.php on line 33
[23-Dec-2022 08:31:10 UTC] PHP Notice:  Undefined offset: 0 in /home/maniabest/public_html/wp-content/plugins/elementor-pro/modules/dynamic-tags/acf/tags/acf-text.php on line 33
[23-Dec-2022 08:31:10 UTC] PHP Notice:  Undefined offset: 1 in /home/maniabest/public_html/wp-content/plugins/elementor-pro/modules/dynamic-tags/acf/tags/acf-text.php on line 33
[23-Dec-2022 08:31:13 UTC] PHP Notice:  Undefined offset: 0 in /home/maniabest/public_html/wp-content/plugins/elementor-pro/modules/dynamic-tags/acf/tags/acf-text.php on line 33
[23-Dec-2022 08:31:13 UTC] PHP Notice:  Undefined offset: 1 in /home/maniabest/public_html/wp-content/plugins/elementor-pro/modules/dynamic-tags/acf/tags/acf-text.php on line 33
[23-Dec-2022 08:31:16 UTC] PHP Notice:  Undefined offset: 0 in /home/maniabest/public_html/wp-content/plugins/elementor-pro/modules/dynamic-tags/acf/tags/acf-text.php on line 33
[23-Dec-2022 08:31:16 UTC] PHP Notice:  Undefined offset: 1 in /home/maniabest/public_html/wp-content/plugins/elementor-pro/modules/dynamic-tags/acf/tags/acf-text.php on line 33
[23-Dec-2022 08:31:20 UTC] PHP Notice:  Undefined offset: 0 in /home/maniabest/public_html/wp-content/plugins/elementor-pro/modules/dynamic-tags/acf/tags/acf-text.php on line 33
[23-Dec-2022 08:31:20 UTC] PHP Notice:  Undefined offset: 1 in /home/maniabest/public_html/wp-content/plugins/elementor-pro/modules/dynamic-tags/acf/tags/acf-text.php on line 33
[23-Dec-2022 08:31:20 UTC] Payment gateway with handle 'wc-payment-method-bacs' has been deactivated in Cart and Checkout blocks because its dependency 'wc-blocks-registry' is not registered. Read the docs about registering assets for payment methods: https://github.com/woocommerce/woocommerce-blocks/blob/060f63c04f0f34f645200b5d4da9212125c49177/docs/third-party-developers/extensibility/checkout-payment-methods/payment-method-integration.md#registering-assets
[23-Dec-2022 08:31:20 UTC] Payment gateway with handle 'wc-payment-method-bacs' has been deactivated in Cart and Checkout blocks because its dependency 'wc-settings' is not registered. Read the docs about registering assets for payment methods: https://github.com/woocommerce/woocommerce-blocks/blob/060f63c04f0f34f645200b5d4da9212125c49177/docs/third-party-developers/extensibility/checkout-payment-methods/payment-method-integration.md#registering-assets
[23-Dec-2022 08:31:20 UTC] PHP Deprecated:  Function _content_template is <strong>deprecated</strong> since version 2.9.0! Use Elementor\Controls_Stack::content_template() instead. in /home/maniabest/public_html/wp-includes/functions.php on line 5383
[23-Dec-2022 08:31:20 UTC] PHP Deprecated:  Function _content_template is <strong>deprecated</strong> since version 2.9.0! Use Elementor\Controls_Stack::content_template() instead. in /home/maniabest/public_html/wp-includes/functions.php on line 5383
[23-Dec-2022 08:31:20 UTC] PHP Deprecated:  Function _content_template is <strong>deprecated</strong> since version 2.9.0! Use Elementor\Controls_Stack::content_template() instead. in /home/maniabest/public_html/wp-includes/functions.php on line 5383
[23-Dec-2022 08:31:27 UTC] PHP Deprecated:  Function _register_controls is <strong>deprecated</strong> since version 3.1.0! Use Elementor\Controls_Stack::register_controls() instead. in /home/maniabest/public_html/wp-includes/functions.php on line 5383
[23-Dec-2022 08:31:27 UTC] PHP Deprecated:  Function _register_controls is <strong>deprecated</strong> since version 3.1.0! Use Elementor\Controls_Stack::register_controls() instead. in /home/maniabest/public_html/wp-includes/functions.php on line 5383
[23-Dec-2022 08:31:27 UTC] PHP Deprecated:  Function _register_controls is <strong>deprecated</strong> since version 3.1.0! Use Elementor\Controls_Stack::register_controls() instead. in /home/maniabest/public_html/wp-includes/functions.php on line 5383
[23-Dec-2022 08:31:27 UTC] PHP Deprecated:  Function _register_controls is <strong>deprecated</strong> since version 3.1.0! Use Elementor\Controls_Stack::register_controls() instead. in /home/maniabest/public_html/wp-includes/functions.php on line 5383
[23-Dec-2022 08:31:29 UTC] PHP Notice:  Undefined index: rest_route in /home/maniabest/public_html/wp-content/plugins/woocommerce-crif-payment-gateway 1.6.3/index.php on line 59
[23-Dec-2022 08:31:34 UTC] PHP Notice:  Trying to get property 'labels' of non-object in /home/maniabest/public_html/wp-content/plugins/elementor/app/modules/import-export/module.php on line 562
[23-Dec-2022 08:31:34 UTC] PHP Notice:  Trying to get property 'singular_name' of non-object in /home/maniabest/public_html/wp-content/plugins/elementor/app/modules/import-export/module.php on line 562
[23-Dec-2022 08:31:34 UTC] PHP Notice:  Trying to get property 'label' of non-object in /home/maniabest/public_html/wp-content/plugins/elementor/app/modules/import-export/module.php on line 563
[23-Dec-2022 08:31:37 UTC] PHP Notice:  Undefined index: data in /home/maniabest/public_html/wp-content/plugins/elementor/core/common/modules/ajax/module.php on line 171
[23-Dec-2022 08:31:38 UTC] PHP Notice:  Undefined offset: 0 in /home/maniabest/public_html/wp-content/plugins/elementor-pro/modules/dynamic-tags/acf/tags/acf-text.php on line 33
[23-Dec-2022 08:31:38 UTC] PHP Notice:  Undefined offset: 1 in /home/maniabest/public_html/wp-content/plugins/elementor-pro/modules/dynamic-tags/acf/tags/acf-text.php on line 33
[23-Dec-2022 08:31:38 UTC] Payment gateway with handle 'wc-payment-method-bacs' has been deactivated in Cart and Checkout blocks because its dependency 'wc-blocks-registry' is not registered. Read the docs about registering assets for payment methods: https://github.com/woocommerce/woocommerce-blocks/blob/060f63c04f0f34f645200b5d4da9212125c49177/docs/third-party-developers/extensibility/checkout-payment-methods/payment-method-integration.md#registering-assets
[23-Dec-2022 08:31:38 UTC] Payment gateway with handle 'wc-payment-method-bacs' has been deactivated in Cart and Checkout blocks because its dependency 'wc-settings' is not registered. Read the docs about registering assets for payment methods: https://github.com/woocommerce/woocommerce-blocks/blob/060f63c04f0f34f645200b5d4da9212125c49177/docs/third-party-developers/extensibility/checkout-payment-methods/payment-method-integration.md#registering-assets
[23-Dec-2022 08:31:38 UTC] PHP Deprecated:  Function _content_template is <strong>deprecated</strong> since version 2.9.0! Use Elementor\Controls_Stack::content_template() instead. in /home/maniabest/public_html/wp-includes/functions.php on line 5383
[23-Dec-2022 08:31:38 UTC] PHP Deprecated:  Function _content_template is <strong>deprecated</strong> since version 2.9.0! Use Elementor\Controls_Stack::content_template() instead. in /home/maniabest/public_html/wp-includes/functions.php on line 5383
[23-Dec-2022 08:31:38 UTC] PHP Deprecated:  Function _content_template is <strong>deprecated</strong> since version 2.9.0! Use Elementor\Controls_Stack::content_template() instead. in /home/maniabest/public_html/wp-includes/functions.php on line 5383
[23-Dec-2022 08:31:39 UTC] PHP Notice:  Undefined offset: 0 in /home/maniabest/public_html/wp-content/plugins/elementor-pro/modules/dynamic-tags/acf/tags/acf-text.php on line 33
[23-Dec-2022 08:31:39 UTC] PHP Notice:  Undefined offset: 1 in /home/maniabest/public_html/wp-content/plugins/elementor-pro/modules/dynamic-tags/acf/tags/acf-text.php on line 33
[23-Dec-2022 08:31:39 UTC] Payment gateway with handle 'wc-payment-method-bacs' has been deactivated in Cart and Checkout blocks because its dependency 'wc-blocks-registry' is not registered. Read the docs about registering assets for payment methods: https://github.com/woocommerce/woocommerce-blocks/blob/060f63c04f0f34f645200b5d4da9212125c49177/docs/third-party-developers/extensibility/checkout-payment-methods/payment-method-integration.md#registering-assets
[23-Dec-2022 08:31:39 UTC] Payment gateway with handle 'wc-payment-method-bacs' has been deactivated in Cart and Checkout blocks because its dependency 'wc-settings' is not registered. Read the docs about registering assets for payment methods: https://github.com/woocommerce/woocommerce-blocks/blob/060f63c04f0f34f645200b5d4da9212125c49177/docs/third-party-developers/extensibility/checkout-payment-methods/payment-method-integration.md#registering-assets
[23-Dec-2022 08:31:39 UTC] PHP Deprecated:  Function _content_template is <strong>deprecated</strong> since version 2.9.0! Use Elementor\Controls_Stack::content_template() instead. in /home/maniabest/public_html/wp-includes/functions.php on line 5383
[23-Dec-2022 08:31:39 UTC] PHP Deprecated:  Function _content_template is <strong>deprecated</strong> since version 2.9.0! Use Elementor\Controls_Stack::content_template() instead. in /home/maniabest/public_html/wp-includes/functions.php on line 5383
[23-Dec-2022 08:31:39 UTC] PHP Deprecated:  Function _content_template is <strong>deprecated</strong> since version 2.9.0! Use Elementor\Controls_Stack::content_template() instead. in /home/maniabest/public_html/wp-includes/functions.php on line 5383
[23-Dec-2022 08:31:43 UTC] PHP Notice:  Undefined index: rest_route in /home/maniabest/public_html/wp-content/plugins/woocommerce-crif-payment-gateway 1.6.3/index.php on line 59
[23-Dec-2022 08:31:46 UTC] PHP Deprecated:  Function _register_controls is <strong>deprecated</strong> since version 3.1.0! Use Elementor\Controls_Stack::register_controls() instead. in /home/maniabest/public_html/wp-includes/functions.php on line 5383
[23-Dec-2022 08:31:46 UTC] PHP Deprecated:  Function _register_controls is <strong>deprecated</strong> since version 3.1.0! Use Elementor\Controls_Stack::register_controls() instead. in /home/maniabest/public_html/wp-includes/functions.php on line 5383
[23-Dec-2022 08:31:46 UTC] PHP Deprecated:  Function _register_controls is <strong>deprecated</strong> since version 3.1.0! Use Elementor\Controls_Stack::register_controls() instead. in /home/maniabest/public_html/wp-includes/functions.php on line 5383
[23-Dec-2022 08:31:46 UTC] PHP Deprecated:  Function _register_controls is <strong>deprecated</strong> since version 3.1.0! Use Elementor\Controls_Stack::register_controls() instead. in /home/maniabest/public_html/wp-includes/functions.php on line 5383
[23-Dec-2022 08:31:48 UTC] PHP Notice:  Undefined index: rest_route in /home/maniabest/public_html/wp-content/plugins/woocommerce-crif-payment-gateway 1.6.3/index.php on line 59
[23-Dec-2022 08:31:54 UTC] PHP Notice:  Undefined index: rest_route in /home/maniabest/public_html/wp-content/plugins/woocommerce-crif-payment-gateway 1.6.3/index.php on line 59
[23-Dec-2022 08:31:55 UTC] PHP Notice:  Undefined offset: 0 in /home/maniabest/public_html/wp-content/plugins/elementor-pro/modules/dynamic-tags/acf/tags/acf-text.php on line 33
[23-Dec-2022 08:31:55 UTC] PHP Notice:  Undefined offset: 1 in /home/maniabest/public_html/wp-content/plugins/elementor-pro/modules/dynamic-tags/acf/tags/acf-text.php on line 33
[23-Dec-2022 08:32:02 UTC] PHP Notice:  Undefined offset: 0 in /home/maniabest/public_html/wp-content/plugins/elementor-pro/modules/dynamic-tags/acf/tags/acf-text.php on line 33
[23-Dec-2022 08:32:02 UTC] PHP Notice:  Undefined offset: 1 in /home/maniabest/public_html/wp-content/plugins/elementor-pro/modules/dynamic-tags/acf/tags/acf-text.php on line 33
[23-Dec-2022 08:32:02 UTC] Payment gateway with handle 'wc-payment-method-bacs' has been deactivated in Cart and Checkout blocks because its dependency 'wc-blocks-registry' is not registered. Read the docs about registering assets for payment methods: https://github.com/woocommerce/woocommerce-blocks/blob/060f63c04f0f34f645200b5d4da9212125c49177/docs/third-party-developers/extensibility/checkout-payment-methods/payment-method-integration.md#registering-assets
[23-Dec-2022 08:32:02 UTC] Payment gateway with handle 'wc-payment-method-bacs' has been deactivated in Cart and Checkout blocks because its dependency 'wc-settings' is not registered. Read the docs about registering assets for payment methods: https://github.com/woocommerce/woocommerce-blocks/blob/060f63c04f0f34f645200b5d4da9212125c49177/docs/third-party-developers/extensibility/checkout-payment-methods/payment-method-integration.md#registering-assets
[23-Dec-2022 08:32:02 UTC] PHP Deprecated:  Function _content_template is <strong>deprecated</strong> since version 2.9.0! Use Elementor\Controls_Stack::content_template() instead. in /home/maniabest/public_html/wp-includes/functions.php on line 5383
[23-Dec-2022 08:32:02 UTC] PHP Deprecated:  Function _content_template is <strong>deprecated</strong> since version 2.9.0! Use Elementor\Controls_Stack::content_template() instead. in /home/maniabest/public_html/wp-includes/functions.php on line 5383
[23-Dec-2022 08:32:02 UTC] PHP Deprecated:  Function _content_template is <strong>deprecated</strong> since version 2.9.0! Use Elementor\Controls_Stack::content_template() instead. in /home/maniabest/public_html/wp-includes/functions.php on line 5383
[23-Dec-2022 08:32:07 UTC] PHP Notice:  Undefined index: rest_route in /home/maniabest/public_html/wp-content/plugins/woocommerce-crif-payment-gateway 1.6.3/index.php on line 59
[23-Dec-2022 08:32:10 UTC] PHP Deprecated:  Function _register_controls is <strong>deprecated</strong> since version 3.1.0! Use Elementor\Controls_Stack::register_controls() instead. in /home/maniabest/public_html/wp-includes/functions.php on line 5383
[23-Dec-2022 08:32:10 UTC] PHP Deprecated:  Function _register_controls is <strong>deprecated</strong> since version 3.1.0! Use Elementor\Controls_Stack::register_controls() instead. in /home/maniabest/public_html/wp-includes/functions.php on line 5383
[23-Dec-2022 08:32:10 UTC] PHP Deprecated:  Function _register_controls is <strong>deprecated</strong> since version 3.1.0! Use Elementor\Controls_Stack::register_controls() instead. in /home/maniabest/public_html/wp-includes/functions.php on line 5383
[23-Dec-2022 08:32:10 UTC] PHP Deprecated:  Function _register_controls is <strong>deprecated</strong> since version 3.1.0! Use Elementor\Controls_Stack::register_controls() instead. in /home/maniabest/public_html/wp-includes/functions.php on line 5383
[23-Dec-2022 08:32:11 UTC] PHP Notice:  Undefined index: rest_route in /home/maniabest/public_html/wp-content/plugins/woocommerce-crif-payment-gateway 1.6.3/index.php on line 59
[23-Dec-2022 08:32:27 UTC] PHP Notice:  Undefined index: rest_route in /home/maniabest/public_html/wp-content/plugins/woocommerce-crif-payment-gateway 1.6.3/index.php on line 59
[23-Dec-2022 08:32:28 UTC] PHP Notice:  Undefined offset: 0 in /home/maniabest/public_html/wp-content/plugins/elementor-pro/modules/dynamic-tags/acf/tags/acf-text.php on line 33
[23-Dec-2022 08:32:28 UTC] PHP Notice:  Undefined offset: 1 in /home/maniabest/public_html/wp-content/plugins/elementor-pro/modules/dynamic-tags/acf/tags/acf-text.php on line 33
[23-Dec-2022 08:32:31 UTC] PHP Notice:  Undefined index: rest_route in /home/maniabest/public_html/wp-content/plugins/woocommerce-crif-payment-gateway 1.6.3/index.php on line 59
[23-Dec-2022 08:32:32 UTC] PHP Notice:  Undefined index: rest_route in /home/maniabest/public_html/wp-content/plugins/woocommerce-crif-payment-gateway 1.6.3/index.php on line 59
[23-Dec-2022 08:32:32 UTC] PHP Notice:  Undefined offset: 0 in /home/maniabest/public_html/wp-content/plugins/elementor-pro/modules/dynamic-tags/acf/tags/acf-text.php on line 33
[23-Dec-2022 08:32:32 UTC] PHP Notice:  Undefined offset: 1 in /home/maniabest/public_html/wp-content/plugins/elementor-pro/modules/dynamic-tags/acf/tags/acf-text.php on line 33
[23-Dec-2022 08:32:32 UTC] PHP Notice:  Undefined index: rest_route in /home/maniabest/public_html/wp-content/plugins/woocommerce-crif-payment-gateway 1.6.3/index.php on line 59
[23-Dec-2022 08:32:32 UTC] PHP Notice:  Undefined offset: 0 in /home/maniabest/public_html/wp-content/plugins/elementor-pro/modules/dynamic-tags/acf/tags/acf-text.php on line 33
[23-Dec-2022 08:32:32 UTC] PHP Notice:  Undefined offset: 1 in /home/maniabest/public_html/wp-content/plugins/elementor-pro/modules/dynamic-tags/acf/tags/acf-text.php on line 33
[23-Dec-2022 08:32:33 UTC] PHP Notice:  Undefined offset: 0 in /home/maniabest/public_html/wp-content/plugins/elementor-pro/modules/dynamic-tags/acf/tags/acf-text.php on line 33
[23-Dec-2022 08:32:33 UTC] PHP Notice:  Undefined offset: 1 in /home/maniabest/public_html/wp-content/plugins/elementor-pro/modules/dynamic-tags/acf/tags/acf-text.php on line 33
[23-Dec-2022 08:32:34 UTC] PHP Notice:  Undefined index: rest_route in /home/maniabest/public_html/wp-content/plugins/woocommerce-crif-payment-gateway 1.6.3/index.php on line 59
[23-Dec-2022 08:32:34 UTC] PHP Notice:  Undefined offset: 0 in /home/maniabest/public_html/wp-content/plugins/elementor-pro/modules/dynamic-tags/acf/tags/acf-text.php on line 33
[23-Dec-2022 08:32:34 UTC] PHP Notice:  Undefined offset: 1 in /home/maniabest/public_html/wp-content/plugins/elementor-pro/modules/dynamic-tags/acf/tags/acf-text.php on line 33
[23-Dec-2022 08:32:39 UTC] PHP Notice:  Undefined offset: 0 in /home/maniabest/public_html/wp-content/plugins/elementor-pro/modules/dynamic-tags/acf/tags/acf-text.php on line 33
[23-Dec-2022 08:32:39 UTC] PHP Notice:  Undefined offset: 1 in /home/maniabest/public_html/wp-content/plugins/elementor-pro/modules/dynamic-tags/acf/tags/acf-text.php on line 33
[23-Dec-2022 08:32:39 UTC] Payment gateway with handle 'wc-payment-method-bacs' has been deactivated in Cart and Checkout blocks because its dependency 'wc-blocks-registry' is not registered. Read the docs about registering assets for payment methods: https://github.com/woocommerce/woocommerce-blocks/blob/060f63c04f0f34f645200b5d4da9212125c49177/docs/third-party-developers/extensibility/checkout-payment-methods/payment-method-integration.md#registering-assets
[23-Dec-2022 08:32:39 UTC] Payment gateway with handle 'wc-payment-method-bacs' has been deactivated in Cart and Checkout blocks because its dependency 'wc-settings' is not registered. Read the docs about registering assets for payment methods: https://github.com/woocommerce/woocommerce-blocks/blob/060f63c04f0f34f645200b5d4da9212125c49177/docs/third-party-developers/extensibility/checkout-payment-methods/payment-method-integration.md#registering-assets
[23-Dec-2022 08:32:39 UTC] PHP Deprecated:  Function _content_template is <strong>deprecated</strong> since version 2.9.0! Use Elementor\Controls_Stack::content_template() instead. in /home/maniabest/public_html/wp-includes/functions.php on line 5383
[23-Dec-2022 08:32:39 UTC] PHP Deprecated:  Function _content_template is <strong>deprecated</strong> since version 2.9.0! Use Elementor\Controls_Stack::content_template() instead. in /home/maniabest/public_html/wp-includes/functions.php on line 5383
[23-Dec-2022 08:32:39 UTC] PHP Deprecated:  Function _content_template is <strong>deprecated</strong> since version 2.9.0! Use Elementor\Controls_Stack::content_template() instead. in /home/maniabest/public_html/wp-includes/functions.php on line 5383
[23-Dec-2022 08:32:43 UTC] PHP Notice:  Undefined index: rest_route in /home/maniabest/public_html/wp-content/plugins/woocommerce-crif-payment-gateway 1.6.3/index.php on line 59
[23-Dec-2022 08:32:44 UTC] PHP Notice:  require(): read of 275 bytes failed with errno=12 Cannot allocate memory in /home/maniabest/public_html/wp-content/plugins/woocommerce/vendor/jetpack-autoloader/class-php-autoloader.php on line 87
[23-Dec-2022 08:32:44 UTC] PHP Fatal error:  require(): Failed opening required '/home/maniabest/public_html/wp-content/plugins/woocommerce/packages/woocommerce-blocks/src/BlockTypes/CheckoutBillingAddressBlock.php' (include_path='.:/opt/alt/php74/usr/share/pear') in /home/maniabest/public_html/wp-content/plugins/woocommerce/vendor/jetpack-autoloader/class-php-autoloader.php on line 87
[23-Dec-2022 08:32:44 UTC] PHP Fatal error:  require(): Failed opening required '/home/maniabest/public_html/wp-content/plugins/woocommerce/packages/woocommerce-blocks/src/BlockTypes/CheckoutBillingAddressBlock.php' (include_path='.:/opt/alt/php74/usr/share/pear') in /home/maniabest/public_html/wp-content/plugins/woocommerce/vendor/jetpack-autoloader/class-php-autoloader.php on line 87
[23-Dec-2022 08:32:47 UTC] PHP Deprecated:  Function _register_controls is <strong>deprecated</strong> since version 3.1.0! Use Elementor\Controls_Stack::register_controls() instead. in /home/maniabest/public_html/wp-includes/functions.php on line 5383
[23-Dec-2022 08:32:47 UTC] PHP Deprecated:  Function _register_controls is <strong>deprecated</strong> since version 3.1.0! Use Elementor\Controls_Stack::register_controls() instead. in /home/maniabest/public_html/wp-includes/functions.php on line 5383
[23-Dec-2022 08:32:47 UTC] PHP Deprecated:  Function _register_controls is <strong>deprecated</strong> since version 3.1.0! Use Elementor\Controls_Stack::register_controls() instead. in /home/maniabest/public_html/wp-includes/functions.php on line 5383
[23-Dec-2022 08:32:47 UTC] PHP Deprecated:  Function _register_controls is <strong>deprecated</strong> since version 3.1.0! Use Elementor\Controls_Stack::register_controls() instead. in /home/maniabest/public_html/wp-includes/functions.php on line 5383
[23-Dec-2022 08:32:48 UTC] PHP Notice:  Undefined index: rest_route in /home/maniabest/public_html/wp-content/plugins/woocommerce-crif-payment-gateway 1.6.3/index.php on line 59
[23-Dec-2022 08:32:54 UTC] PHP Notice:  Undefined index: rest_route in /home/maniabest/public_html/wp-content/plugins/woocommerce-crif-payment-gateway 1.6.3/index.php on line 59
[23-Dec-2022 08:33:14 UTC] PHP Notice:  Undefined index: rest_route in /home/maniabest/public_html/wp-content/plugins/woocommerce-crif-payment-gateway 1.6.3/index.php on line 59
[23-Dec-2022 08:33:18 UTC] Payment gateway with handle 'wc-payment-method-bacs' has been deactivated in Cart and Checkout blocks because its dependency 'wc-blocks-registry' is not registered. Read the docs about registering assets for payment methods: https://github.com/woocommerce/woocommerce-blocks/blob/060f63c04f0f34f645200b5d4da9212125c49177/docs/third-party-developers/extensibility/checkout-payment-methods/payment-method-integration.md#registering-assets
[23-Dec-2022 08:33:18 UTC] Payment gateway with handle 'wc-payment-method-bacs' has been deactivated in Cart and Checkout blocks because its dependency 'wc-settings' is not registered. Read the docs about registering assets for payment methods: https://github.com/woocommerce/woocommerce-blocks/blob/060f63c04f0f34f645200b5d4da9212125c49177/docs/third-party-developers/extensibility/checkout-payment-methods/payment-method-integration.md#registering-assets
[23-Dec-2022 08:33:18 UTC] PHP Deprecated:  Function _content_template is <strong>deprecated</strong> since version 2.9.0! Use Elementor\Controls_Stack::content_template() instead. in /home/maniabest/public_html/wp-includes/functions.php on line 5383
[23-Dec-2022 08:33:18 UTC] PHP Deprecated:  Function _content_template is <strong>deprecated</strong> since version 2.9.0! Use Elementor\Controls_Stack::content_template() instead. in /home/maniabest/public_html/wp-includes/functions.php on line 5383
[23-Dec-2022 08:33:18 UTC] PHP Deprecated:  Function _content_template is <strong>deprecated</strong> since version 2.9.0! Use Elementor\Controls_Stack::content_template() instead. in /home/maniabest/public_html/wp-includes/functions.php on line 5383
[23-Dec-2022 08:33:23 UTC] PHP Notice:  Undefined index: rest_route in /home/maniabest/public_html/wp-content/plugins/woocommerce-crif-payment-gateway 1.6.3/index.php on line 59
[23-Dec-2022 08:33:26 UTC] PHP Deprecated:  Function _register_controls is <strong>deprecated</strong> since version 3.1.0! Use Elementor\Controls_Stack::register_controls() instead. in /home/maniabest/public_html/wp-includes/functions.php on line 5383
[23-Dec-2022 08:33:26 UTC] PHP Deprecated:  Function _register_controls is <strong>deprecated</strong> since version 3.1.0! Use Elementor\Controls_Stack::register_controls() instead. in /home/maniabest/public_html/wp-includes/functions.php on line 5383
[23-Dec-2022 08:33:26 UTC] PHP Deprecated:  Function _register_controls is <strong>deprecated</strong> since version 3.1.0! Use Elementor\Controls_Stack::register_controls() instead. in /home/maniabest/public_html/wp-includes/functions.php on line 5383
[23-Dec-2022 08:33:26 UTC] PHP Deprecated:  Function _register_controls is <strong>deprecated</strong> since version 3.1.0! Use Elementor\Controls_Stack::register_controls() instead. in /home/maniabest/public_html/wp-includes/functions.php on line 5383
[23-Dec-2022 08:33:27 UTC] PHP Notice:  Undefined index: rest_route in /home/maniabest/public_html/wp-content/plugins/woocommerce-crif-payment-gateway 1.6.3/index.php on line 59
[23-Dec-2022 08:34:07 UTC] Payment gateway with handle 'wc-payment-method-bacs' has been deactivated in Cart and Checkout blocks because its dependency 'wc-blocks-registry' is not registered. Read the docs about registering assets for payment methods: https://github.com/woocommerce/woocommerce-blocks/blob/060f63c04f0f34f645200b5d4da9212125c49177/docs/third-party-developers/extensibility/checkout-payment-methods/payment-method-integration.md#registering-assets
[23-Dec-2022 08:34:07 UTC] Payment gateway with handle 'wc-payment-method-bacs' has been deactivated in Cart and Checkout blocks because its dependency 'wc-settings' is not registered. Read the docs about registering assets for payment methods: https://github.com/woocommerce/woocommerce-blocks/blob/060f63c04f0f34f645200b5d4da9212125c49177/docs/third-party-developers/extensibility/checkout-payment-methods/payment-method-integration.md#registering-assets
[23-Dec-2022 08:34:16 UTC] PHP Notice:  Undefined index: rest_route in /home/maniabest/public_html/wp-content/plugins/woocommerce-crif-payment-gateway 1.6.3/index.php on line 59
[23-Dec-2022 08:34:16 UTC] PHP Notice:  Undefined index: rest_route in /home/maniabest/public_html/wp-content/plugins/woocommerce-crif-payment-gateway 1.6.3/index.php on line 59
[23-Dec-2022 08:34:28 UTC] PHP Notice:  Undefined index: rest_route in /home/maniabest/public_html/wp-content/plugins/woocommerce-crif-payment-gateway 1.6.3/index.php on line 59
[23-Dec-2022 08:34:28 UTC] PHP Notice:  Undefined offset: 0 in /home/maniabest/public_html/wp-content/plugins/elementor-pro/modules/dynamic-tags/acf/tags/acf-text.php on line 33
[23-Dec-2022 08:34:28 UTC] PHP Notice:  Undefined offset: 1 in /home/maniabest/public_html/wp-content/plugins/elementor-pro/modules/dynamic-tags/acf/tags/acf-text.php on line 33
[23-Dec-2022 08:34:33 UTC] PHP Notice:  Undefined offset: 0 in /home/maniabest/public_html/wp-content/plugins/elementor-pro/modules/dynamic-tags/acf/tags/acf-text.php on line 33
[23-Dec-2022 08:34:33 UTC] PHP Notice:  Undefined offset: 1 in /home/maniabest/public_html/wp-content/plugins/elementor-pro/modules/dynamic-tags/acf/tags/acf-text.php on line 33
[23-Dec-2022 08:34:33 UTC] Payment gateway with handle 'wc-payment-method-bacs' has been deactivated in Cart and Checkout blocks because its dependency 'wc-blocks-registry' is not registered. Read the docs about registering assets for payment methods: https://github.com/woocommerce/woocommerce-blocks/blob/060f63c04f0f34f645200b5d4da9212125c49177/docs/third-party-developers/extensibility/checkout-payment-methods/payment-method-integration.md#registering-assets
[23-Dec-2022 08:34:33 UTC] Payment gateway with handle 'wc-payment-method-bacs' has been deactivated in Cart and Checkout blocks because its dependency 'wc-settings' is not registered. Read the docs about registering assets for payment methods: https://github.com/woocommerce/woocommerce-blocks/blob/060f63c04f0f34f645200b5d4da9212125c49177/docs/third-party-developers/extensibility/checkout-payment-methods/payment-method-integration.md#registering-assets
[23-Dec-2022 08:34:33 UTC] PHP Deprecated:  Function _content_template is <strong>deprecated</strong> since version 2.9.0! Use Elementor\Controls_Stack::content_template() instead. in /home/maniabest/public_html/wp-includes/functions.php on line 5383
[23-Dec-2022 08:34:33 UTC] PHP Deprecated:  Function _content_template is <strong>deprecated</strong> since version 2.9.0! Use Elementor\Controls_Stack::content_template() instead. in /home/maniabest/public_html/wp-includes/functions.php on line 5383
[23-Dec-2022 08:34:33 UTC] PHP Deprecated:  Function _content_template is <strong>deprecated</strong> since version 2.9.0! Use Elementor\Controls_Stack::content_template() instead. in /home/maniabest/public_html/wp-includes/functions.php on line 5383
[23-Dec-2022 08:34:36 UTC] PHP Notice:  Undefined index: rest_route in /home/maniabest/public_html/wp-content/plugins/woocommerce-crif-payment-gateway 1.6.3/index.php on line 59
[23-Dec-2022 08:34:37 UTC] PHP Notice:  require_once(): read of 1184 bytes failed with errno=12 Cannot allocate memory in /home/maniabest/public_html/wp-content/themes/astra/inc/customizer/class-astra-builder-customizer.php on line 265
[23-Dec-2022 08:34:37 UTC] PHP Fatal error:  require_once(): Failed opening required '/home/maniabest/public_html/wp-content/themes/astra/inc/builder/type/header/mobile-trigger/class-astra-mobile-trigger.php' (include_path='.:/opt/alt/php74/usr/share/pear') in /home/maniabest/public_html/wp-content/themes/astra/inc/customizer/class-astra-builder-customizer.php on line 265
[23-Dec-2022 08:34:41 UTC] PHP Notice:  Undefined index: rest_route in /home/maniabest/public_html/wp-content/plugins/woocommerce-crif-payment-gateway 1.6.3/index.php on line 59
[23-Dec-2022 08:34:52 UTC] PHP Notice:  Undefined offset: 0 in /home/maniabest/public_html/wp-content/plugins/elementor-pro/modules/dynamic-tags/acf/tags/acf-text.php on line 33
[23-Dec-2022 08:34:52 UTC] PHP Notice:  Undefined offset: 1 in /home/maniabest/public_html/wp-content/plugins/elementor-pro/modules/dynamic-tags/acf/tags/acf-text.php on line 33
[23-Dec-2022 08:34:52 UTC] Payment gateway with handle 'wc-payment-method-bacs' has been deactivated in Cart and Checkout blocks because its dependency 'wc-blocks-registry' is not registered. Read the docs about registering assets for payment methods: https://github.com/woocommerce/woocommerce-blocks/blob/060f63c04f0f34f645200b5d4da9212125c49177/docs/third-party-developers/extensibility/checkout-payment-methods/payment-method-integration.md#registering-assets
[23-Dec-2022 08:34:52 UTC] Payment gateway with handle 'wc-payment-method-bacs' has been deactivated in Cart and Checkout blocks because its dependency 'wc-settings' is not registered. Read the docs about registering assets for payment methods: https://github.com/woocommerce/woocommerce-blocks/blob/060f63c04f0f34f645200b5d4da9212125c49177/docs/third-party-developers/extensibility/checkout-payment-methods/payment-method-integration.md#registering-assets
[23-Dec-2022 08:34:52 UTC] PHP Deprecated:  Function _content_template is <strong>deprecated</strong> since version 2.9.0! Use Elementor\Controls_Stack::content_template() instead. in /home/maniabest/public_html/wp-includes/functions.php on line 5383
[23-Dec-2022 08:34:52 UTC] PHP Deprecated:  Function _content_template is <strong>deprecated</strong> since version 2.9.0! Use Elementor\Controls_Stack::content_template() instead. in /home/maniabest/public_html/wp-includes/functions.php on line 5383
[23-Dec-2022 08:34:52 UTC] PHP Deprecated:  Function _content_template is <strong>deprecated</strong> since version 2.9.0! Use Elementor\Controls_Stack::content_template() instead. in /home/maniabest/public_html/wp-includes/functions.php on line 5383
[23-Dec-2022 08:34:57 UTC] PHP Notice:  Undefined index: rest_route in /home/maniabest/public_html/wp-content/plugins/woocommerce-crif-payment-gateway 1.6.3/index.php on line 59
[23-Dec-2022 08:35:00 UTC] PHP Deprecated:  Function _register_controls is <strong>deprecated</strong> since version 3.1.0! Use Elementor\Controls_Stack::register_controls() instead. in /home/maniabest/public_html/wp-includes/functions.php on line 5383
[23-Dec-2022 08:35:00 UTC] PHP Deprecated:  Function _register_controls is <strong>deprecated</strong> since version 3.1.0! Use Elementor\Controls_Stack::register_controls() instead. in /home/maniabest/public_html/wp-includes/functions.php on line 5383
[23-Dec-2022 08:35:00 UTC] PHP Deprecated:  Function _register_controls is <strong>deprecated</strong> since version 3.1.0! Use Elementor\Controls_Stack::register_controls() instead. in /home/maniabest/public_html/wp-includes/functions.php on line 5383
[23-Dec-2022 08:35:00 UTC] PHP Deprecated:  Function _register_controls is <strong>deprecated</strong> since version 3.1.0! Use Elementor\Controls_Stack::register_controls() instead. in /home/maniabest/public_html/wp-includes/functions.php on line 5383
[23-Dec-2022 08:35:03 UTC] PHP Notice:  Undefined index: rest_route in /home/maniabest/public_html/wp-content/plugins/woocommerce-crif-payment-gateway 1.6.3/index.php on line 59
[23-Dec-2022 08:35:23 UTC] PHP Notice:  Undefined index: rest_route in /home/maniabest/public_html/wp-content/plugins/woocommerce-crif-payment-gateway 1.6.3/index.php on line 59
[23-Dec-2022 08:35:23 UTC] Payment gateway with handle 'wc-payment-method-bacs' has been deactivated in Cart and Checkout blocks because its dependency 'wc-blocks-registry' is not registered. Read the docs about registering assets for payment methods: https://github.com/woocommerce/woocommerce-blocks/blob/060f63c04f0f34f645200b5d4da9212125c49177/docs/third-party-developers/extensibility/checkout-payment-methods/payment-method-integration.md#registering-assets
[23-Dec-2022 08:35:23 UTC] Payment gateway with handle 'wc-payment-method-bacs' has been deactivated in Cart and Checkout blocks because its dependency 'wc-settings' is not registered. Read the docs about registering assets for payment methods: https://github.com/woocommerce/woocommerce-blocks/blob/060f63c04f0f34f645200b5d4da9212125c49177/docs/third-party-developers/extensibility/checkout-payment-methods/payment-method-integration.md#registering-assets
[23-Dec-2022 08:35:23 UTC] PHP Deprecated:  Function _content_template is <strong>deprecated</strong> since version 2.9.0! Use Elementor\Controls_Stack::content_template() instead. in /home/maniabest/public_html/wp-includes/functions.php on line 5383
[23-Dec-2022 08:35:23 UTC] PHP Deprecated:  Function _content_template is <strong>deprecated</strong> since version 2.9.0! Use Elementor\Controls_Stack::content_template() instead. in /home/maniabest/public_html/wp-includes/functions.php on line 5383
[23-Dec-2022 08:35:23 UTC] PHP Deprecated:  Function _content_template is <strong>deprecated</strong> since version 2.9.0! Use Elementor\Controls_Stack::content_template() instead. in /home/maniabest/public_html/wp-includes/functions.php on line 5383
[23-Dec-2022 08:35:28 UTC] PHP Notice:  Undefined index: rest_route in /home/maniabest/public_html/wp-content/plugins/woocommerce-crif-payment-gateway 1.6.3/index.php on line 59
[23-Dec-2022 08:35:31 UTC] PHP Deprecated:  Function _register_controls is <strong>deprecated</strong> since version 3.1.0! Use Elementor\Controls_Stack::register_controls() instead. in /home/maniabest/public_html/wp-includes/functions.php on line 5383
[23-Dec-2022 08:35:31 UTC] PHP Deprecated:  Function _register_controls is <strong>deprecated</strong> since version 3.1.0! Use Elementor\Controls_Stack::register_controls() instead. in /home/maniabest/public_html/wp-includes/functions.php on line 5383
[23-Dec-2022 08:35:31 UTC] PHP Deprecated:  Function _register_controls is <strong>deprecated</strong> since version 3.1.0! Use Elementor\Controls_Stack::register_controls() instead. in /home/maniabest/public_html/wp-includes/functions.php on line 5383
[23-Dec-2022 08:35:31 UTC] PHP Deprecated:  Function _register_controls is <strong>deprecated</strong> since version 3.1.0! Use Elementor\Controls_Stack::register_controls() instead. in /home/maniabest/public_html/wp-includes/functions.php on line 5383
[23-Dec-2022 08:35:33 UTC] PHP Notice:  Undefined index: rest_route in /home/maniabest/public_html/wp-content/plugins/woocommerce-crif-payment-gateway 1.6.3/index.php on line 59
[23-Dec-2022 08:37:06 UTC] PHP Notice:  Undefined index: rest_route in /home/maniabest/public_html/wp-content/plugins/woocommerce-crif-payment-gateway 1.6.3/index.php on line 59
[23-Dec-2022 08:38:33 UTC] PHP Notice:  Undefined index: rest_route in /home/maniabest/public_html/wp-content/plugins/woocommerce-crif-payment-gateway 1.6.3/index.php on line 59
[23-Dec-2022 08:40:42 UTC] PHP Notice:  Undefined index: rest_route in /home/maniabest/public_html/wp-content/plugins/woocommerce-crif-payment-gateway 1.6.3/index.php on line 59
[23-Dec-2022 08:40:43 UTC] PHP Notice:  Undefined offset: 0 in /home/maniabest/public_html/wp-content/plugins/elementor-pro/modules/dynamic-tags/acf/tags/acf-text.php on line 33
[23-Dec-2022 08:40:43 UTC] PHP Notice:  Undefined offset: 1 in /home/maniabest/public_html/wp-content/plugins/elementor-pro/modules/dynamic-tags/acf/tags/acf-text.php on line 33
[23-Dec-2022 08:40:47 UTC] PHP Notice:  Undefined offset: 0 in /home/maniabest/public_html/wp-content/plugins/elementor-pro/modules/dynamic-tags/acf/tags/acf-text.php on line 33
[23-Dec-2022 08:40:47 UTC] PHP Notice:  Undefined offset: 1 in /home/maniabest/public_html/wp-content/plugins/elementor-pro/modules/dynamic-tags/acf/tags/acf-text.php on line 33
[23-Dec-2022 08:40:47 UTC] Payment gateway with handle 'wc-payment-method-bacs' has been deactivated in Cart and Checkout blocks because its dependency 'wc-blocks-registry' is not registered. Read the docs about registering assets for payment methods: https://github.com/woocommerce/woocommerce-blocks/blob/060f63c04f0f34f645200b5d4da9212125c49177/docs/third-party-developers/extensibility/checkout-payment-methods/payment-method-integration.md#registering-assets
[23-Dec-2022 08:40:47 UTC] Payment gateway with handle 'wc-payment-method-bacs' has been deactivated in Cart and Checkout blocks because its dependency 'wc-settings' is not registered. Read the docs about registering assets for payment methods: https://github.com/woocommerce/woocommerce-blocks/blob/060f63c04f0f34f645200b5d4da9212125c49177/docs/third-party-developers/extensibility/checkout-payment-methods/payment-method-integration.md#registering-assets
[23-Dec-2022 08:40:47 UTC] PHP Deprecated:  Function _content_template is <strong>deprecated</strong> since version 2.9.0! Use Elementor\Controls_Stack::content_template() instead. in /home/maniabest/public_html/wp-includes/functions.php on line 5383
[23-Dec-2022 08:40:47 UTC] PHP Deprecated:  Function _content_template is <strong>deprecated</strong> since version 2.9.0! Use Elementor\Controls_Stack::content_template() instead. in /home/maniabest/public_html/wp-includes/functions.php on line 5383
[23-Dec-2022 08:40:47 UTC] PHP Deprecated:  Function _content_template is <strong>deprecated</strong> since version 2.9.0! Use Elementor\Controls_Stack::content_template() instead. in /home/maniabest/public_html/wp-includes/functions.php on line 5383
[23-Dec-2022 08:40:55 UTC] PHP Deprecated:  Function _register_controls is <strong>deprecated</strong> since version 3.1.0! Use Elementor\Controls_Stack::register_controls() instead. in /home/maniabest/public_html/wp-includes/functions.php on line 5383
[23-Dec-2022 08:40:55 UTC] PHP Deprecated:  Function _register_controls is <strong>deprecated</strong> since version 3.1.0! Use Elementor\Controls_Stack::register_controls() instead. in /home/maniabest/public_html/wp-includes/functions.php on line 5383
[23-Dec-2022 08:40:55 UTC] PHP Deprecated:  Function _register_controls is <strong>deprecated</strong> since version 3.1.0! Use Elementor\Controls_Stack::register_controls() instead. in /home/maniabest/public_html/wp-includes/functions.php on line 5383
[23-Dec-2022 08:40:55 UTC] PHP Deprecated:  Function _register_controls is <strong>deprecated</strong> since version 3.1.0! Use Elementor\Controls_Stack::register_controls() instead. in /home/maniabest/public_html/wp-includes/functions.php on line 5383
[23-Dec-2022 08:40:56 UTC] PHP Notice:  Undefined index: rest_route in /home/maniabest/public_html/wp-content/plugins/woocommerce-crif-payment-gateway 1.6.3/index.php on line 59
[23-Dec-2022 08:41:40 UTC] Payment gateway with handle 'wc-payment-method-bacs' has been deactivated in Cart and Checkout blocks because its dependency 'wc-blocks-registry' is not registered. Read the docs about registering assets for payment methods: https://github.com/woocommerce/woocommerce-blocks/blob/060f63c04f0f34f645200b5d4da9212125c49177/docs/third-party-developers/extensibility/checkout-payment-methods/payment-method-integration.md#registering-assets
[23-Dec-2022 08:41:40 UTC] Payment gateway with handle 'wc-payment-method-bacs' has been deactivated in Cart and Checkout blocks because its dependency 'wc-settings' is not registered. Read the docs about registering assets for payment methods: https://github.com/woocommerce/woocommerce-blocks/blob/060f63c04f0f34f645200b5d4da9212125c49177/docs/third-party-developers/extensibility/checkout-payment-methods/payment-method-integration.md#registering-assets
[23-Dec-2022 08:41:48 UTC] PHP Notice:  Undefined index: rest_route in /home/maniabest/public_html/wp-content/plugins/woocommerce-crif-payment-gateway 1.6.3/index.php on line 59
[23-Dec-2022 08:41:48 UTC] PHP Notice:  Undefined index: rest_route in /home/maniabest/public_html/wp-content/plugins/woocommerce-crif-payment-gateway 1.6.3/index.php on line 59
[23-Dec-2022 08:44:16 UTC] PHP Notice:  Undefined index: rest_route in /home/maniabest/public_html/wp-content/plugins/woocommerce-crif-payment-gateway 1.6.3/index.php on line 59
[23-Dec-2022 08:44:16 UTC] PHP Notice:  Undefined index: rest_route in /home/maniabest/public_html/wp-content/plugins/woocommerce-crif-payment-gateway 1.6.3/index.php on line 59
[23-Dec-2022 08:44:16 UTC] PHP Notice:  Undefined index: rest_route in /home/maniabest/public_html/wp-content/plugins/woocommerce-crif-payment-gateway 1.6.3/index.php on line 59
[23-Dec-2022 08:44:22 UTC] PHP Notice:  Undefined index: rest_route in /home/maniabest/public_html/wp-content/plugins/woocommerce-crif-payment-gateway 1.6.3/index.php on line 59
[23-Dec-2022 08:44:22 UTC] PHP Notice:  Undefined index: rest_route in /home/maniabest/public_html/wp-content/plugins/woocommerce-crif-payment-gateway 1.6.3/index.php on line 59
[23-Dec-2022 08:56:19 UTC] PHP Notice:  Undefined index: rest_route in /home/maniabest/public_html/wp-content/plugins/woocommerce-crif-payment-gateway 1.6.3/index.php on line 59
[23-Dec-2022 08:56:19 UTC] PHP Notice:  Undefined offset: 0 in /home/maniabest/public_html/wp-content/plugins/elementor-pro/modules/dynamic-tags/acf/tags/acf-text.php on line 33
[23-Dec-2022 08:56:19 UTC] PHP Notice:  Undefined offset: 1 in /home/maniabest/public_html/wp-content/plugins/elementor-pro/modules/dynamic-tags/acf/tags/acf-text.php on line 33
[23-Dec-2022 08:56:19 UTC] PHP Notice:  Undefined offset: 0 in /home/maniabest/public_html/wp-content/plugins/elementor-pro/modules/dynamic-tags/acf/tags/acf-text.php on line 33
[23-Dec-2022 08:56:19 UTC] PHP Notice:  Undefined offset: 1 in /home/maniabest/public_html/wp-content/plugins/elementor-pro/modules/dynamic-tags/acf/tags/acf-text.php on line 33
[23-Dec-2022 08:56:28 UTC] PHP Notice:  Undefined index: rest_route in /home/maniabest/public_html/wp-content/plugins/woocommerce-crif-payment-gateway 1.6.3/index.php on line 59
[23-Dec-2022 08:56:35 UTC] PHP Notice:  Undefined index: rest_route in /home/maniabest/public_html/wp-content/plugins/woocommerce-crif-payment-gateway 1.6.3/index.php on line 59
