2022-12-23T08:07:16+00:00 CRITICAL Cannot redeclare create_posttype() (previously declared in /home/maniabest/public_html/wp-content/themes/astra-child/functions.php:32) in /home/maniabest/public_html/wp-content/themes/astra-child/functions.php on line 167

2022-12-23T08:08:08+00:00 CRITICAL Cannot redeclare cw_post_type_news() (previously declared in /home/maniabest/public_html/wp-content/themes/astra-child/functions.php:51) in /home/maniabest/public_html/wp-content/themes/astra-child/functions.php on line 163

2022-12-23T08:08:09+00:00 CRITICAL Cannot redeclare cw_post_type_news() (previously declared in /home/maniabest/public_html/wp-content/themes/astra-child/functions.php:51) in /home/maniabest/public_html/wp-content/themes/astra-child/functions.php on line 163

2022-12-23T08:09:30+00:00 CRITICAL Cannot redeclare cw_post_type_news() (previously declared in /home/maniabest/public_html/wp-content/themes/astra-child/functions.php:51) in /home/maniabest/public_html/wp-content/themes/astra-child/functions.php on line 162

2022-12-23T08:09:30+00:00 CRITICAL Cannot redeclare cw_post_type_news() (previously declared in /home/maniabest/public_html/wp-content/themes/astra-child/functions.php:51) in /home/maniabest/public_html/wp-content/themes/astra-child/functions.php on line 162

2022-12-23T08:10:44+00:00 CRITICAL Cannot redeclare create_posttype() (previously declared in /home/maniabest/public_html/wp-content/themes/astra-child/functions.php:32) in /home/maniabest/public_html/wp-content/themes/astra-child/functions.php on line 164

2022-12-23T08:10:45+00:00 CRITICAL Cannot redeclare create_posttype() (previously declared in /home/maniabest/public_html/wp-content/themes/astra-child/functions.php:32) in /home/maniabest/public_html/wp-content/themes/astra-child/functions.php on line 164

2022-12-23T08:22:02+00:00 CRITICAL require(): Failed opening required '/home/maniabest/public_html/wp-content/plugins/woocommerce/src/Admin/Features/Onboarding.php' (include_path='.:/opt/alt/php74/usr/share/pear') in /home/maniabest/public_html/wp-content/plugins/woocommerce/vendor/jetpack-autoloader/class-php-autoloader.php on line 87

2022-12-23T08:27:08+00:00 CRITICAL require_once(): Failed opening required '/home/maniabest/public_html/wp-content/plugins/astra-addon/admin/bsf-analytics/class-bsf-analytics.php' (include_path='.:/opt/alt/php74/usr/share/pear') in /home/maniabest/public_html/wp-content/plugins/astra-addon/admin/bsf-analytics/class-bsf-analytics-loader.php on line 113

2022-12-23T08:32:44+00:00 CRITICAL require(): Failed opening required '/home/maniabest/public_html/wp-content/plugins/woocommerce/packages/woocommerce-blocks/src/BlockTypes/CheckoutBillingAddressBlock.php' (include_path='.:/opt/alt/php74/usr/share/pear') in /home/maniabest/public_html/wp-content/plugins/woocommerce/vendor/jetpack-autoloader/class-php-autoloader.php on line 87

2022-12-23T08:32:44+00:00 CRITICAL require(): Failed opening required '/home/maniabest/public_html/wp-content/plugins/woocommerce/packages/woocommerce-blocks/src/BlockTypes/CheckoutBillingAddressBlock.php' (include_path='.:/opt/alt/php74/usr/share/pear') in /home/maniabest/public_html/wp-content/plugins/woocommerce/vendor/jetpack-autoloader/class-php-autoloader.php on line 87

2022-12-23T08:34:37+00:00 CRITICAL require_once(): Failed opening required '/home/maniabest/public_html/wp-content/themes/astra/inc/builder/type/header/mobile-trigger/class-astra-mobile-trigger.php' (include_path='.:/opt/alt/php74/usr/share/pear') in /home/maniabest/public_html/wp-content/themes/astra/inc/customizer/class-astra-builder-customizer.php on line 265

2022-12-23T09:53:48+00:00 CRITICAL require(): Failed opening required '/home/maniabest/public_html/wp-content/plugins/woocommerce/includes/rest-api/Controllers/Version1/class-wc-rest-product-categories-v1-controller.php' (include_path='.:/opt/alt/php74/usr/share/pear') in /home/maniabest/public_html/wp-content/plugins/woocommerce/vendor/jetpack-autoloader/class-php-autoloader.php on line 87

2022-12-23T09:58:06+00:00 CRITICAL Uncaught Error: Class '\ElementorPro\Modules\Countdown\Module' not found in /home/maniabest/public_html/wp-content/plugins/elementor-pro/core/modules-manager.php:75
Stack trace:
#0 /home/maniabest/public_html/wp-content/plugins/elementor-pro/plugin.php(358): ElementorPro\Core\Modules_Manager->__construct()
#1 /home/maniabest/public_html/wp-includes/class-wp-hook.php(308): ElementorPro\Plugin->on_elementor_init('')
#2 /home/maniabest/public_html/wp-includes/class-wp-hook.php(332): WP_Hook->apply_filters('', Array)
#3 /home/maniabest/public_html/wp-includes/plugin.php(517): WP_Hook->do_action(Array)
#4 /home/maniabest/public_html/wp-content/plugins/elementor/includes/plugin.php(652): do_action('elementor/init')
#5 /home/maniabest/public_html/wp-includes/class-wp-hook.php(308): Elementor\Plugin->init('')
#6 /home/maniabest/public_html/wp-includes/class-wp-hook.php(332): WP_Hook->apply_filters(NULL, Array)
#7 /home/maniabest/public_html/wp-includes/plugin.php(517): WP_Hook->do_action(Array)
#8 /home/maniabest/pub in /home/maniabest/public_html/wp-content/plugins/elementor-pro/core/modules-manager.php on line 75

2022-12-23T09:59:12+00:00 CRITICAL require(): Failed opening required '/home/maniabest/public_html/wp-content/plugins/woocommerce/packages/woocommerce-blocks/src/BlockTypes/CheckoutBillingAddressBlock.php' (include_path='.:/opt/alt/php74/usr/share/pear') in /home/maniabest/public_html/wp-content/plugins/woocommerce/vendor/jetpack-autoloader/class-php-autoloader.php on line 87

2022-12-23T09:59:12+00:00 CRITICAL require(): Failed opening required '/home/maniabest/public_html/wp-content/plugins/essential-addons-for-elementor-lite//includes/Elements/Crowdfundly_Single_Campaign.php' (include_path='.:/opt/alt/php74/usr/share/pear') in /home/maniabest/public_html/wp-content/plugins/essential-addons-for-elementor-lite/autoload.php on line 27

2022-12-23T09:59:12+00:00 CRITICAL require(): Failed opening required '/home/maniabest/public_html/wp-content/plugins/woocommerce/packages/woocommerce-blocks/build/checkout.asset.php' (include_path='.:/opt/alt/php74/usr/share/pear') in /home/maniabest/public_html/wp-content/plugins/woocommerce/packages/woocommerce-blocks/src/Assets/Api.php on line 98

2022-12-23T09:59:27+00:00 CRITICAL Uncaught Error: Class 'ElementorPro\Modules\Notes\Data\Endpoints\Read_Status_Endpoint' not found in /home/maniabest/public_html/wp-content/plugins/elementor-pro/modules/notes/data/controller.php:39
Stack trace:
#0 /home/maniabest/public_html/wp-content/plugins/elementor/data/v2/base/controller.php(410): ElementorPro\Modules\Notes\Data\Controller->register_endpoints()
#1 /home/maniabest/public_html/wp-content/plugins/elementor/data/v2/base/controller.php(462): Elementor\Data\V2\Base\Controller->register()
#2 /home/maniabest/public_html/wp-includes/class-wp-hook.php(308): Elementor\Data\V2\Base\Controller->Elementor\Data\V2\Base\{closure}(Object(WP_REST_Server))
#3 /home/maniabest/public_html/wp-includes/class-wp-hook.php(332): WP_Hook->apply_filters(NULL, Array)
#4 /home/maniabest/public_html/wp-includes/plugin.php(517): WP_Hook->do_action(Array)
#5 /home/maniabest/public_html/wp-includes/rest-api.php(577): do_action('rest_api_init', Object(WP_REST_Server))
#6 /home/maniabest/public_html/wp-includes/rest-api.p in /home/maniabest/public_html/wp-content/plugins/elementor-pro/modules/notes/data/controller.php on line 39

2022-12-23T13:59:04+00:00 CRITICAL Cannot redeclare tshirt_logo_printing_shortcode() (previously declared in /home/maniabest/public_html/wp-content/plugins/tshirt-logo-printing/tshirt-logo-printing.php:50) in /home/maniabest/public_html/wp-content/plugins/woocommerce/templates/single-product/product-image.php on line 59

2022-12-23T13:59:10+00:00 CRITICAL Cannot redeclare tshirt_logo_printing_shortcode() (previously declared in /home/maniabest/public_html/wp-content/plugins/tshirt-logo-printing/tshirt-logo-printing.php:50) in /home/maniabest/public_html/wp-content/plugins/woocommerce/templates/single-product/product-image.php on line 59

2022-12-23T13:59:19+00:00 CRITICAL Cannot redeclare tshirt_logo_printing_shortcode() (previously declared in /home/maniabest/public_html/wp-content/plugins/tshirt-logo-printing/tshirt-logo-printing.php:50) in /home/maniabest/public_html/wp-content/plugins/woocommerce/templates/single-product/product-image.php on line 59

2022-12-23T14:01:35+00:00 CRITICAL Uncaught Error: Class 'Wdr\App\Controllers\Admin\Tabs\Reports\RuleAmount' not found in /home/maniabest/public_html/wp-content/plugins/woo-discount-rules/v2/App/Controllers/Admin/Tabs/Reports/RuleAmountWithCartDiscount.php:8
Stack trace:
#0 /home/maniabest/public_html/wp-content/plugins/duplicate-post/vendor/composer/ClassLoader.php(571): include()
#1 /home/maniabest/public_html/wp-content/plugins/duplicate-post/vendor/composer/ClassLoader.php(428): Composer\Autoload\includeFile('/home/maniabest...')
#2 [internal function]: Composer\Autoload\ClassLoader->loadClass('Wdr\\App\\Control...')
#3 /home/maniabest/public_html/wp-content/plugins/woo-discount-rules/v2/App/Controllers/Admin/Tabs/Statistics.php(43): spl_autoload_call('Wdr\\App\\Control...')
#4 /home/maniabest/public_html/wp-content/plugins/woo-discount-rules/v2/App/Router.php(30): Wdr\App\Controllers\Admin\Tabs\Statistics->__construct()
#5 /home/maniabest/public_html/wp-content/plugins/woo-discount-rules/woo-discount-rules.php(179): Wdr\App\Router->__cons in /home/maniabest/public_html/wp-content/plugins/woo-discount-rules/v2/App/Controllers/Admin/Tabs/Reports/RuleAmountWithCartDiscount.php on line 8

2022-12-23T14:01:35+00:00 CRITICAL require(): Failed opening required '/home/maniabest/public_html/wp-content/plugins/essential-addons-for-elementor-lite//includes/Classes/Bootstrap.php' (include_path='.:/opt/alt/php74/usr/share/pear') in /home/maniabest/public_html/wp-content/plugins/essential-addons-for-elementor-lite/autoload.php on line 27

2022-12-23T14:01:35+00:00 CRITICAL require(): Failed opening required '/home/maniabest/public_html/wp-content/plugins/essential-addons-for-elementor-lite//includes/Classes/Bootstrap.php' (include_path='.:/opt/alt/php74/usr/share/pear') in /home/maniabest/public_html/wp-content/plugins/essential-addons-for-elementor-lite/autoload.php on line 27

2022-12-23T14:02:58+00:00 CRITICAL require(): Failed opening required '/home/maniabest/public_html/wp-content/plugins/woocommerce/packages/woocommerce-blocks/src/Payments/PaymentMethodRegistry.php' (include_path='.:/opt/alt/php74/usr/share/pear') in /home/maniabest/public_html/wp-content/plugins/woocommerce/vendor/jetpack-autoloader/class-php-autoloader.php on line 87

2022-12-23T14:02:58+00:00 CRITICAL Uncaught Error: Class 'Wdr\App\Controllers\Admin\Tabs\Base' not found in /home/maniabest/public_html/wp-content/plugins/woo-discount-rules/v2/App/Controllers/Admin/Tabs/Statistics.php:13
Stack trace:
#0 /home/maniabest/public_html/wp-content/plugins/duplicate-post/vendor/composer/ClassLoader.php(571): include()
#1 /home/maniabest/public_html/wp-content/plugins/duplicate-post/vendor/composer/ClassLoader.php(428): Composer\Autoload\includeFile('/home/maniabest...')
#2 [internal function]: Composer\Autoload\ClassLoader->loadClass('Wdr\\App\\Control...')
#3 /home/maniabest/public_html/wp-content/plugins/woo-discount-rules/v2/App/Router.php(30): spl_autoload_call('Wdr\\App\\Control...')
#4 /home/maniabest/public_html/wp-content/plugins/woo-discount-rules/woo-discount-rules.php(179): Wdr\App\Router->__construct()
#5 /home/maniabest/public_html/wp-includes/class-wp-hook.php(308): {closure}('')
#6 /home/maniabest/public_html/wp-includes/class-wp-hook.php(332): WP_Hook->apply_filters(NULL, Array)
#7 /home/maniabest/pu in /home/maniabest/public_html/wp-content/plugins/woo-discount-rules/v2/App/Controllers/Admin/Tabs/Statistics.php on line 13

2022-12-23T14:03:01+00:00 CRITICAL require_once(): Failed opening required '/home/maniabest/public_html/wp-content/themes/astra/inc/builder/type/footer/widget/class-astra-footer-widget-component-loader.php' (include_path='.:/opt/alt/php74/usr/share/pear') in /home/maniabest/public_html/wp-content/themes/astra/inc/builder/type/footer/widget/class-astra-footer-widget-component.php on line 32

2022-12-23T14:03:22+00:00 CRITICAL require(): Failed opening required '/home/maniabest/public_html/wp-content/plugins/elementor/core/editor/promotion.php' (include_path='.:/opt/alt/php74/usr/share/pear') in /home/maniabest/public_html/wp-content/plugins/elementor/includes/autoloader.php on line 294

2022-12-23T14:04:23+00:00 CRITICAL Uncaught Error: Class 'Yoast\WP\Duplicate_Post\Handlers\Check_Changes_Handler' not found in /home/maniabest/public_html/wp-content/plugins/duplicate-post/src/handlers/handler.php:69
Stack trace:
#0 /home/maniabest/public_html/wp-content/plugins/duplicate-post/src/duplicate-post.php(72): Yoast\WP\Duplicate_Post\Handlers\Handler->__construct(Object(Yoast\WP\Duplicate_Post\Post_Duplicator), Object(Yoast\WP\Duplicate_Post\Permissions_Helper))
#1 /home/maniabest/public_html/wp-content/plugins/duplicate-post/duplicate-post.php(71): Yoast\WP\Duplicate_Post\Duplicate_Post->__construct()
#2 /home/maniabest/public_html/wp-includes/class-wp-hook.php(308): __duplicate_post_main('')
#3 /home/maniabest/public_html/wp-includes/class-wp-hook.php(332): WP_Hook->apply_filters(NULL, Array)
#4 /home/maniabest/public_html/wp-includes/plugin.php(517): WP_Hook->do_action(Array)
#5 /home/maniabest/public_html/wp-settings.php(480): do_action('plugins_loaded')
#6 /home/maniabest/public_html/wp-config.php(97): require_once('/home/mania in /home/maniabest/public_html/wp-content/plugins/duplicate-post/src/handlers/handler.php on line 69

2022-12-23T14:04:27+00:00 CRITICAL require(): Failed opening required '/home/maniabest/public_html/wp-content/plugins/woocommerce/packages/woocommerce-blocks/src/BlockTypes/CartExpressPaymentBlock.php' (include_path='.:/opt/alt/php74/usr/share/pear') in /home/maniabest/public_html/wp-content/plugins/woocommerce/vendor/jetpack-autoloader/class-php-autoloader.php on line 87

2022-12-23T14:04:41+00:00 CRITICAL require_once(): Failed opening required '/home/maniabest/public_html/wp-content/themes/astra/inc/core/class-astra-attr.php' (include_path='.:/opt/alt/php74/usr/share/pear') in /home/maniabest/public_html/wp-content/themes/astra/functions.php on line 71

2022-12-23T14:25:54+00:00 CRITICAL Uncaught Error: Class 'WC_Order_Refund' not found in /home/maniabest/public_html/wp-content/plugins/woocommerce/src/Admin/Overrides/OrderRefund.php:17
Stack trace:
#0 /home/maniabest/public_html/wp-content/plugins/woocommerce/vendor/jetpack-autoloader/class-php-autoloader.php(87): require()
#1 [internal function]: Automattic\Jetpack\Autoloader\jp3a288706b0d0a430e9d6a905420755f9\PHP_Autoloader::load_class('Automattic\\WooC...')
#2 /home/maniabest/public_html/wp-content/plugins/woocommerce/src/Internal/Admin/Schedulers/OrdersScheduler.php(39): spl_autoload_call('Automattic\\WooC...')
#3 /home/maniabest/public_html/wp-content/plugins/woocommerce/src/Admin/ReportsSync.php(24): Automattic\WooCommerce\Internal\Admin\Schedulers\OrdersScheduler::init()
#4 /home/maniabest/public_html/wp-content/plugins/woocommerce/src/Internal/Admin/FeaturePlugin.php(167): Automattic\WooCommerce\Admin\ReportsSync::init()
#5 /home/maniabest/public_html/wp-content/plugins/woocommerce/src/Internal/Admin/FeaturePlugin.php(100): Automattic in /home/maniabest/public_html/wp-content/plugins/woocommerce/src/Admin/Overrides/OrderRefund.php on line 17

2022-12-23T14:25:54+00:00 CRITICAL require(): Failed opening required '/home/maniabest/public_html/wp-content/plugins/wp-smush-pro/core/class-stats.php' (include_path='.:/opt/alt/php74/usr/share/pear') in /home/maniabest/public_html/wp-content/plugins/wp-smush-pro/wp-smush.php on line 271

2022-12-23T14:25:54+00:00 CRITICAL Uncaught Error: Class 'WC_Order_Refund' not found in /home/maniabest/public_html/wp-content/plugins/woocommerce/src/Admin/Overrides/OrderRefund.php:17
Stack trace:
#0 /home/maniabest/public_html/wp-content/plugins/woocommerce/vendor/jetpack-autoloader/class-php-autoloader.php(87): require()
#1 [internal function]: Automattic\Jetpack\Autoloader\jp3a288706b0d0a430e9d6a905420755f9\PHP_Autoloader::load_class('Automattic\\WooC...')
#2 /home/maniabest/public_html/wp-content/plugins/woocommerce/src/Internal/Admin/Schedulers/OrdersScheduler.php(39): spl_autoload_call('Automattic\\WooC...')
#3 /home/maniabest/public_html/wp-content/plugins/woocommerce/src/Admin/ReportsSync.php(24): Automattic\WooCommerce\Internal\Admin\Schedulers\OrdersScheduler::init()
#4 /home/maniabest/public_html/wp-content/plugins/woocommerce/src/Internal/Admin/FeaturePlugin.php(167): Automattic\WooCommerce\Admin\ReportsSync::init()
#5 /home/maniabest/public_html/wp-content/plugins/woocommerce/src/Internal/Admin/FeaturePlugin.php(100): Automattic in /home/maniabest/public_html/wp-content/plugins/woocommerce/src/Admin/Overrides/OrderRefund.php on line 17

2022-12-23T14:25:54+00:00 CRITICAL Uncaught Error: Class 'ElementorPro\Modules\ThemeBuilder\Module' not found in /home/maniabest/public_html/wp-content/plugins/elementor-pro/core/app/modules/site-editor/module.php:164
Stack trace:
#0 /home/maniabest/public_html/wp-content/plugins/elementor-pro/core/app/app.php(86): ElementorPro\Core\App\Modules\SiteEditor\Module->__construct()
#1 /home/maniabest/public_html/wp-content/plugins/elementor-pro/plugin.php(476): ElementorPro\Core\App\App->__construct()
#2 /home/maniabest/public_html/wp-content/plugins/elementor-pro/plugin.php(122): ElementorPro\Plugin->__construct()
#3 /home/maniabest/public_html/wp-content/plugins/elementor-pro/plugin.php(514): ElementorPro\Plugin::instance()
#4 /home/maniabest/public_html/wp-content/plugins/elementor-pro/elementor-pro.php(57): require('/home/maniabest...')
#5 /home/maniabest/public_html/wp-includes/class-wp-hook.php(308): elementor_pro_load_plugin('')
#6 /home/maniabest/public_html/wp-includes/class-wp-hook.php(332): WP_Hook->apply_filters(NULL, Array)
#7 /home/ma in /home/maniabest/public_html/wp-content/plugins/elementor-pro/core/app/modules/site-editor/module.php on line 164

2022-12-23T14:25:54+00:00 CRITICAL require(): Failed opening required '/home/maniabest/public_html/wp-content/plugins/essential-addons-for-elementor-lite//includes/Extensions/Table_of_Content.php' (include_path='.:/opt/alt/php74/usr/share/pear') in /home/maniabest/public_html/wp-content/plugins/essential-addons-for-elementor-lite/autoload.php on line 27

2022-12-23T14:25:58+00:00 CRITICAL Uncaught Error: Class 'WC_Helper_Options' not found in /home/maniabest/public_html/wp-content/plugins/woocommerce/src/Internal/Admin/Notes/WooSubscriptionsNotes.php:129
Stack trace:
#0 /home/maniabest/public_html/wp-content/plugins/woocommerce/src/Internal/Admin/Notes/WooSubscriptionsNotes.php(110): Automattic\WooCommerce\Internal\Admin\Notes\WooSubscriptionsNotes->is_connected()
#1 /home/maniabest/public_html/wp-content/plugins/woocommerce/src/Internal/Admin/Notes/WooSubscriptionsNotes.php(81): Automattic\WooCommerce\Internal\Admin\Notes\WooSubscriptionsNotes->check_connection()
#2 /home/maniabest/public_html/wp-includes/class-wp-hook.php(308): Automattic\WooCommerce\Internal\Admin\Notes\WooSubscriptionsNotes->admin_init('')
#3 /home/maniabest/public_html/wp-includes/class-wp-hook.php(332): WP_Hook->apply_filters(NULL, Array)
#4 /home/maniabest/public_html/wp-includes/plugin.php(517): WP_Hook->do_action(Array)
#5 /home/maniabest/public_html/wp-admin/admin-ajax.php(45): do_action('admin_init')
#6 {main}
  thr in /home/maniabest/public_html/wp-content/plugins/woocommerce/src/Internal/Admin/Notes/WooSubscriptionsNotes.php on line 129

2022-12-23T14:32:52+00:00 CRITICAL Uncaught Error: Class 'WC_Admin_Settings' not found in /home/maniabest/public_html/wp-content/plugins/woocommerce/includes/class-wc-api.php:175
Stack trace:
#0 /home/maniabest/public_html/wp-includes/class-wp-hook.php(308): WC_API->register_wp_admin_settings(Object(WP_REST_Server))
#1 /home/maniabest/public_html/wp-includes/class-wp-hook.php(332): WP_Hook->apply_filters(NULL, Array)
#2 /home/maniabest/public_html/wp-includes/plugin.php(517): WP_Hook->do_action(Array)
#3 /home/maniabest/public_html/wp-includes/rest-api.php(577): do_action('rest_api_init', Object(WP_REST_Server))
#4 /home/maniabest/public_html/wp-includes/rest-api.php(403): rest_get_server()
#5 /home/maniabest/public_html/wp-includes/class-wp-hook.php(308): rest_api_loaded(Object(WP))
#6 /home/maniabest/public_html/wp-includes/class-wp-hook.php(332): WP_Hook->apply_filters(NULL, Array)
#7 /home/maniabest/public_html/wp-includes/plugin.php(565): WP_Hook->do_action(Array)
#8 /home/maniabest/public_html/wp-includes/class-wp.php(399): do_action_ref in /home/maniabest/public_html/wp-content/plugins/woocommerce/includes/class-wc-api.php on line 175

2022-12-23T14:32:52+00:00 CRITICAL require_once(): Failed opening required '/home/maniabest/public_html/wp-content/plugins/yith-color-and-label-variations-for-woocommerce/plugin-fw/includes/builders/gutenberg/class-yith-gutenberg.php' (include_path='.:/opt/alt/php74/usr/share/pear') in /home/maniabest/public_html/wp-content/plugins/yith-color-and-label-variations-for-woocommerce/plugin-fw/yit-plugin.php on line 44

