2022-12-15T15:37:28+00:00 CRITICAL require(): Failed opening required '/home/maniabest/public_html/wp-content/plugins/woocommerce/packages/woocommerce-blocks/build/checkout.asset.php' (include_path='.:/opt/alt/php74/usr/share/pear') in /home/maniabest/public_html/wp-content/plugins/woocommerce/packages/woocommerce-blocks/src/Assets/Api.php on line 98

2022-12-15T15:37:32+00:00 CRITICAL require(): Failed opening required '/home/maniabest/public_html/wp-content/plugins/wp-smush-pro/core/modules/class-backup.php' (include_path='.:/opt/alt/php74/usr/share/pear') in /home/maniabest/public_html/wp-content/plugins/wp-smush-pro/wp-smush.php on line 271

2022-12-15T16:06:27+00:00 CRITICAL require_once(): Failed opening required '/home/maniabest/public_html/wp-content/plugins/astra-addon/classes/builder/type/header/off-canvas/classes/class-astra-addon-offcanvas-component-loader.php' (include_path='.:/opt/alt/php74/usr/share/pear') in /home/maniabest/public_html/wp-content/plugins/astra-addon/classes/builder/type/header/off-canvas/class-astra-addon-offcanvas-component.php on line 32

2022-12-15T16:06:33+00:00 CRITICAL require(): Failed opening required '/home/maniabest/public_html/wp-content/plugins/wp-smush-pro/core/modules/bulk/class-background-process-manager.php' (include_path='.:/opt/alt/php74/usr/share/pear') in /home/maniabest/public_html/wp-content/plugins/wp-smush-pro/wp-smush.php on line 271

2022-12-15T16:06:34+00:00 CRITICAL require(): Failed opening required '/home/maniabest/public_html/wp-content/plugins/elementor/core/files/assets/files-upload-handler.php' (include_path='.:/opt/alt/php74/usr/share/pear') in /home/maniabest/public_html/wp-content/plugins/elementor/includes/autoloader.php on line 267

2022-12-15T17:03:06+00:00 CRITICAL require_once(): Failed opening required '/home/maniabest/public_html/wp-content/plugins/yith-woocommerce-ajax-product-filter-premium/includes/data-stores/class-yith-wcan-session-data-store.php' (include_path='.:/opt/alt/php74/usr/share/pear') in /home/maniabest/public_html/wp-content/plugins/yith-woocommerce-ajax-product-filter-premium/includes/class-yith-wcan.php on line 155

2022-12-15T17:03:08+00:00 CRITICAL Uncaught Error: Class 'ElementorPro\Modules\Forms\Registrars\Form_Fields_Registrar' not found in /home/maniabest/public_html/wp-content/plugins/elementor-pro/modules/forms/module.php:179
Stack trace:
#0 /home/maniabest/public_html/wp-content/plugins/elementor/core/base/module.php(85): ElementorPro\Modules\Forms\Module->__construct()
#1 /home/maniabest/public_html/wp-content/plugins/elementor-pro/core/modules-manager.php(86): Elementor\Core\Base\Module::instance()
#2 /home/maniabest/public_html/wp-content/plugins/elementor-pro/plugin.php(357): ElementorPro\Core\Modules_Manager->__construct()
#3 /home/maniabest/public_html/wp-includes/class-wp-hook.php(308): ElementorPro\Plugin->on_elementor_init('')
#4 /home/maniabest/public_html/wp-includes/class-wp-hook.php(332): WP_Hook->apply_filters('', Array)
#5 /home/maniabest/public_html/wp-includes/plugin.php(517): WP_Hook->do_action(Array)
#6 /home/maniabest/public_html/wp-content/plugins/elementor/includes/plugin.php(652): do_action('elementor/init')
#7 /home/maniab in /home/maniabest/public_html/wp-content/plugins/elementor-pro/modules/forms/module.php on line 179

2022-12-15T17:45:10+00:00 CRITICAL Uncaught Error: Class 'ElementorPro\Modules\Forms\Fields\Field_Base' not found in /home/maniabest/public_html/wp-content/plugins/elementor-pro/modules/forms/fields/time.php:12
Stack trace:
#0 /home/maniabest/public_html/wp-content/plugins/elementor-pro/plugin.php(153): include()
#1 [internal function]: ElementorPro\Plugin->autoload('ElementorPro\\Mo...')
#2 /home/maniabest/public_html/wp-content/plugins/elementor-pro/modules/forms/registrars/form-fields-registrar.php(34): spl_autoload_call('ElementorPro\\Mo...')
#3 /home/maniabest/public_html/wp-content/plugins/elementor-pro/modules/forms/registrars/form-fields-registrar.php(25): ElementorPro\Modules\Forms\Registrars\Form_Fields_Registrar->init()
#4 /home/maniabest/public_html/wp-content/plugins/elementor-pro/modules/forms/module.php(179): ElementorPro\Modules\Forms\Registrars\Form_Fields_Registrar->__construct()
#5 /home/maniabest/public_html/wp-content/plugins/elementor/core/base/module.php(85): ElementorPro\Modules\Forms\Module->__construct()
#6 /home/mani in /home/maniabest/public_html/wp-content/plugins/elementor-pro/modules/forms/fields/time.php on line 12

2022-12-15T17:45:14+00:00 CRITICAL Uncaught Error: Class 'WC_Product_Factory' not found in /home/maniabest/public_html/wp-content/plugins/woocommerce/includes/class-woocommerce.php:649
Stack trace:
#0 /home/maniabest/public_html/wp-includes/class-wp-hook.php(308): WooCommerce->init('')
#1 /home/maniabest/public_html/wp-includes/class-wp-hook.php(332): WP_Hook->apply_filters(NULL, Array)
#2 /home/maniabest/public_html/wp-includes/plugin.php(517): WP_Hook->do_action(Array)
#3 /home/maniabest/public_html/wp-settings.php(617): do_action('init')
#4 /home/maniabest/public_html/wp-config.php(97): require_once('/home/maniabest...')
#5 /home/maniabest/public_html/wp-load.php(50): require_once('/home/maniabest...')
#6 /home/maniabest/public_html/wp-admin/admin-ajax.php(22): require_once('/home/maniabest...')
#7 {main}
  thrown in /home/maniabest/public_html/wp-content/plugins/woocommerce/includes/class-woocommerce.php on line 649

2022-12-15T17:46:56+00:00 CRITICAL require_once(): Failed opening required '/home/maniabest/public_html/wp-content/themes/astra/inc/builder/type/class-astra-builder-base-dynamic-css.php' (include_path='.:/opt/alt/php74/usr/share/pear') in /home/maniabest/public_html/wp-content/themes/astra/inc/customizer/class-astra-builder-customizer.php on line 229

2022-12-15T17:47:10+00:00 CRITICAL require(): Failed opening required '/home/maniabest/public_html/wp-content/plugins/woocommerce/src/Admin/API/Reports/Downloads/Controller.php' (include_path='.:/opt/alt/php74/usr/share/pear') in /home/maniabest/public_html/wp-content/plugins/woocommerce/vendor/jetpack-autoloader/class-php-autoloader.php on line 87

2022-12-15T17:47:53+00:00 CRITICAL require(): Failed opening required '/home/maniabest/public_html/wp-content/plugins/woocommerce/packages/woocommerce-blocks/src/BlockTypes/ProductQuery.php' (include_path='.:/opt/alt/php74/usr/share/pear') in /home/maniabest/public_html/wp-content/plugins/woocommerce/vendor/jetpack-autoloader/class-php-autoloader.php on line 87

2022-12-15T17:48:23+00:00 CRITICAL Uncaught Error: Class 'Wdr\App\Controllers\ShortCodeManager' not found in /home/maniabest/public_html/wp-content/plugins/woo-discount-rules/v2/App/Router.php:186
Stack trace:
#0 /home/maniabest/public_html/wp-content/plugins/woo-discount-rules/v2/App/Router.php(32): Wdr\App\Router->init()
#1 /home/maniabest/public_html/wp-content/plugins/woo-discount-rules/woo-discount-rules.php(179): Wdr\App\Router->__construct()
#2 /home/maniabest/public_html/wp-includes/class-wp-hook.php(308): {closure}('')
#3 /home/maniabest/public_html/wp-includes/class-wp-hook.php(332): WP_Hook->apply_filters(NULL, Array)
#4 /home/maniabest/public_html/wp-includes/plugin.php(517): WP_Hook->do_action(Array)
#5 /home/maniabest/public_html/wp-settings.php(480): do_action('plugins_loaded')
#6 /home/maniabest/public_html/wp-config.php(97): require_once('/home/maniabest...')
#7 /home/maniabest/public_html/wp-load.php(50): require_once('/home/maniabest...')
#8 /home/maniabest/public_html/wp-admin/admin-ajax.php(22): require_once('/home/maniabe in /home/maniabest/public_html/wp-content/plugins/woo-discount-rules/v2/App/Router.php on line 186

2022-12-15T17:48:23+00:00 CRITICAL require_once(): Failed opening required '/home/maniabest/public_html/wp-content/plugins/yith-color-and-label-variations-for-woocommerce/plugin-fw/init.php' (include_path='.:/opt/alt/php74/usr/share/pear') in /home/maniabest/public_html/wp-content/plugins/yith-color-and-label-variations-for-woocommerce/init.php on line 92

2022-12-15T17:49:02+00:00 CRITICAL require_once(): Failed opening required '/home/maniabest/public_html/wp-content/plugins/yith-color-and-label-variations-for-woocommerce/plugin-fw/includes/class-yit-video.php' (include_path='.:/opt/alt/php74/usr/share/pear') in /home/maniabest/public_html/wp-content/plugins/yith-color-and-label-variations-for-woocommerce/plugin-fw/yit-plugin.php on line 29

2022-12-15T17:50:21+00:00 CRITICAL require(): Failed opening required '/home/maniabest/public_html/wp-content/plugins/woocommerce/src/Admin/Features/OnboardingTasks/Tasks/WooCommercePayments.php' (include_path='.:/opt/alt/php74/usr/share/pear') in /home/maniabest/public_html/wp-content/plugins/woocommerce/vendor/jetpack-autoloader/class-php-autoloader.php on line 87

2022-12-15T17:50:24+00:00 CRITICAL require_once(): Failed opening required '/home/maniabest/public_html/wp-content/themes/astra/inc/addons/breadcrumbs/class-astra-breadcrumbs-loader.php' (include_path='.:/opt/alt/php74/usr/share/pear') in /home/maniabest/public_html/wp-content/themes/astra/inc/addons/breadcrumbs/class-astra-breadcrumbs.php on line 51

2022-12-15T17:50:24+00:00 CRITICAL require_once(): Failed opening required '/home/maniabest/public_html/wp-content/plugins/yith-color-and-label-variations-for-woocommerce/plugin-fw/includes/class-yith-system-status.php' (include_path='.:/opt/alt/php74/usr/share/pear') in /home/maniabest/public_html/wp-content/plugins/yith-color-and-label-variations-for-woocommerce/plugin-fw/yit-plugin.php on line 38

2022-12-15T17:50:27+00:00 CRITICAL Uncaught Error: Class 'ActionScheduler_AsyncRequest_QueueRunner' not found in /home/maniabest/public_html/wp-content/plugins/woocommerce/packages/action-scheduler/classes/ActionScheduler_QueueRunner.php:40
Stack trace:
#0 /home/maniabest/public_html/wp-content/plugins/woocommerce/packages/action-scheduler/classes/ActionScheduler_QueueRunner.php(24): ActionScheduler_QueueRunner->__construct()
#1 /home/maniabest/public_html/wp-content/plugins/woocommerce/packages/action-scheduler/classes/abstracts/ActionScheduler.php(37): ActionScheduler_QueueRunner::instance()
#2 /home/maniabest/public_html/wp-content/plugins/woocommerce/packages/action-scheduler/classes/abstracts/ActionScheduler.php(147): ActionScheduler::runner()
#3 /home/maniabest/public_html/wp-content/plugins/woocommerce/packages/action-scheduler/action-scheduler.php(55): ActionScheduler::init('/home/maniabest...')
#4 /home/maniabest/public_html/wp-content/plugins/woocommerce/packages/action-scheduler/classes/ActionScheduler_Versions.php(59): action_sched in /home/maniabest/public_html/wp-content/plugins/woocommerce/packages/action-scheduler/classes/ActionScheduler_QueueRunner.php on line 40

2022-12-15T17:52:15+00:00 CRITICAL require(): Failed opening required '/home/maniabest/public_html/wp-content/plugins/essential-addons-for-elementor-lite//includes/Traits/Elements.php' (include_path='.:/opt/alt/php74/usr/share/pear') in /home/maniabest/public_html/wp-content/plugins/essential-addons-for-elementor-lite/autoload.php on line 27

2022-12-15T17:52:18+00:00 CRITICAL require(): Failed opening required '/home/maniabest/public_html/wp-content/plugins/elementor/modules/dev-tools/module.php' (include_path='.:/opt/alt/php74/usr/share/pear') in /home/maniabest/public_html/wp-content/plugins/elementor/includes/autoloader.php on line 267

2022-12-15T17:52:24+00:00 CRITICAL require(): Failed opening required '/home/maniabest/public_html/wp-content/plugins/woocommerce/packages/woocommerce-blocks/build/wc-payment-method-bacs.asset.php' (include_path='.:/opt/alt/php74/usr/share/pear') in /home/maniabest/public_html/wp-content/plugins/woocommerce/packages/woocommerce-blocks/src/Assets/Api.php on line 98

2022-12-15T17:52:26+00:00 CRITICAL Uncaught Error: Class 'acf_field' not found in /home/maniabest/public_html/wp-content/plugins/advanced-custom-fields/includes/fields/class-acf-field-text.php:5
Stack trace:
#0 /home/maniabest/public_html/wp-content/plugins/advanced-custom-fields/includes/acf-utility-functions.php(156): include_once()
#1 /home/maniabest/public_html/wp-content/plugins/advanced-custom-fields/acf.php(256): acf_include('includes/fields...')
#2 /home/maniabest/public_html/wp-includes/class-wp-hook.php(308): ACF->init('')
#3 /home/maniabest/public_html/wp-includes/class-wp-hook.php(332): WP_Hook->apply_filters(NULL, Array)
#4 /home/maniabest/public_html/wp-includes/plugin.php(517): WP_Hook->do_action(Array)
#5 /home/maniabest/public_html/wp-settings.php(617): do_action('init')
#6 /home/maniabest/public_html/wp-config.php(97): require_once('/home/maniabest...')
#7 /home/maniabest/public_html/wp-load.php(50): require_once('/home/maniabest...')
#8 /home/maniabest/public_html/wp-blog-header.php(13): require_once('/home/maniabest...')
#9 in /home/maniabest/public_html/wp-content/plugins/advanced-custom-fields/includes/fields/class-acf-field-text.php on line 5

2022-12-15T17:53:05+00:00 CRITICAL Uncaught Error: Call to undefined function wc_get_cart_item_data_hash() in /home/maniabest/public_html/wp-content/plugins/woocommerce/includes/class-wc-cart-session.php:179
Stack trace:
#0 /home/maniabest/public_html/wp-includes/class-wp-hook.php(308): WC_Cart_Session->get_cart_from_session('')
#1 /home/maniabest/public_html/wp-includes/class-wp-hook.php(332): WP_Hook->apply_filters(NULL, Array)
#2 /home/maniabest/public_html/wp-includes/plugin.php(517): WP_Hook->do_action(Array)
#3 /home/maniabest/public_html/wp-settings.php(639): do_action('wp_loaded')
#4 /home/maniabest/public_html/wp-config.php(97): require_once('/home/maniabest...')
#5 /home/maniabest/public_html/wp-load.php(50): require_once('/home/maniabest...')
#6 /home/maniabest/public_html/wp-blog-header.php(13): require_once('/home/maniabest...')
#7 /home/maniabest/public_html/index.php(17): require('/home/maniabest...')
#8 {main}
  thrown in /home/maniabest/public_html/wp-content/plugins/woocommerce/includes/class-wc-cart-session.php on line 179

2022-12-15T17:53:48+00:00 CRITICAL require_once(): Failed opening required '/home/maniabest/public_html/wp-content/plugins/ti-woocommerce-wishlist/admin/tinvwl.class.php' (include_path='.:/opt/alt/php74/usr/share/pear') in /home/maniabest/public_html/wp-content/plugins/ti-woocommerce-wishlist/ti-woocommerce-wishlist.php on line 199

2022-12-15T17:53:48+00:00 CRITICAL require_once(): Failed opening required '/home/maniabest/public_html/wp-content/plugins/ti-woocommerce-wishlist/integrations/woocommerce-rental-and-booking.php' (include_path='.:/opt/alt/php74/usr/share/pear') in /home/maniabest/public_html/wp-content/plugins/ti-woocommerce-wishlist/ti-woocommerce-wishlist.php on line 245

2022-12-15T17:53:50+00:00 CRITICAL require(): Failed opening required '/home/maniabest/public_html/wp-content/plugins/elementor/includes/base/widget-base.php' (include_path='.:/opt/alt/php74/usr/share/pear') in /home/maniabest/public_html/wp-content/plugins/elementor/includes/managers/widgets.php on line 194

2022-12-15T18:02:52+00:00 CRITICAL require_once(): Failed opening required '/home/maniabest/public_html/wp-content/plugins/astra-addon/classes/builder/type/header/social-icon/class-astra-header-social-component.php' (include_path='.:/opt/alt/php74/usr/share/pear') in /home/maniabest/public_html/wp-content/plugins/astra-addon/classes/builder/class-astra-addon-builder-customizer.php on line 124

2022-12-15T18:14:24+00:00 CRITICAL require(): Failed opening required '/home/maniabest/public_html/wp-content/plugins/elementor/modules/promotions/module.php' (include_path='.:/opt/alt/php74/usr/share/pear') in /home/maniabest/public_html/wp-content/plugins/elementor/includes/autoloader.php on line 267

2022-12-15T18:14:24+00:00 CRITICAL Uncaught Error: Class 'ElementorPro\Modules\ThemeBuilder\Classes\Conditions_Manager' not found in /home/maniabest/public_html/wp-content/plugins/elementor-pro/modules/theme-builder/module.php:433
Stack trace:
#0 /home/maniabest/public_html/wp-content/plugins/elementor/core/base/module.php(85): ElementorPro\Modules\ThemeBuilder\Module->__construct()
#1 /home/maniabest/public_html/wp-content/plugins/elementor-pro/core/modules-manager.php(86): Elementor\Core\Base\Module::instance()
#2 /home/maniabest/public_html/wp-content/plugins/elementor-pro/plugin.php(357): ElementorPro\Core\Modules_Manager->__construct()
#3 /home/maniabest/public_html/wp-includes/class-wp-hook.php(308): ElementorPro\Plugin->on_elementor_init('')
#4 /home/maniabest/public_html/wp-includes/class-wp-hook.php(332): WP_Hook->apply_filters('', Array)
#5 /home/maniabest/public_html/wp-includes/plugin.php(517): WP_Hook->do_action(Array)
#6 /home/maniabest/public_html/wp-content/plugins/elementor/includes/plugin.php(652): do_action('elementor/init') in /home/maniabest/public_html/wp-content/plugins/elementor-pro/modules/theme-builder/module.php on line 433

2022-12-15T18:18:00+00:00 CRITICAL require(): Failed opening required '/home/maniabest/public_html/wp-content/plugins/elementor/modules/elements-color-picker/module.php' (include_path='.:/opt/alt/php74/usr/share/pear') in /home/maniabest/public_html/wp-content/plugins/elementor/includes/autoloader.php on line 267

2022-12-15T18:18:22+00:00 CRITICAL require_once(): Failed opening required '/home/maniabest/public_html/wp-content/plugins/astra-addon/admin/bsf-core/classes/class-bsf-rollback-version.php' (include_path='.:/opt/alt/php74/usr/share/pear') in /home/maniabest/public_html/wp-content/plugins/astra-addon/admin/bsf-core/index.php on line 63

2022-12-15T18:18:50+00:00 CRITICAL Uncaught Error: Class 'ElementorPro\Modules\Forms\Submissions\Actions\Save_To_Database' not found in /home/maniabest/public_html/wp-content/plugins/elementor-pro/modules/forms/submissions/component.php:163
Stack trace:
#0 /home/maniabest/public_html/wp-includes/class-wp-hook.php(308): ElementorPro\Modules\Forms\Submissions\Component->ElementorPro\Modules\Forms\Submissions\{closure}(Object(ElementorPro\Modules\Forms\Registrars\Form_Actions_Registrar))
#1 /home/maniabest/public_html/wp-includes/class-wp-hook.php(332): WP_Hook->apply_filters('', Array)
#2 /home/maniabest/public_html/wp-includes/plugin.php(517): WP_Hook->do_action(Array)
#3 /home/maniabest/public_html/wp-content/plugins/elementor-pro/modules/forms/registrars/form-actions-registrar.php(74): do_action('elementor_pro/f...', Object(ElementorPro\Modules\Forms\Registrars\Form_Actions_Registrar))
#4 /home/maniabest/public_html/wp-content/plugins/elementor-pro/modules/forms/registrars/form-actions-registrar.php(26): ElementorPro\Modules\Forms\Registrars\ in /home/maniabest/public_html/wp-content/plugins/elementor-pro/modules/forms/submissions/component.php on line 163

2022-12-15T18:27:35+00:00 CRITICAL require_once(): Failed opening required '/home/maniabest/public_html/wp-content/themes/astra/inc/theme-update/class-astra-theme-background-updater.php' (include_path='.:/opt/alt/php74/usr/share/pear') in /home/maniabest/public_html/wp-content/themes/astra/functions.php on line 42

2022-12-15T18:28:05+00:00 CRITICAL require(): Failed opening required '/home/maniabest/public_html/wp-content/plugins/woocommerce/packages/woocommerce-blocks/build/mini-cart-contents.asset.php' (include_path='.:/opt/alt/php74/usr/share/pear') in /home/maniabest/public_html/wp-content/plugins/woocommerce/packages/woocommerce-blocks/src/Assets/Api.php on line 98

2022-12-15T18:30:19+00:00 CRITICAL require_once(): Failed opening required '/home/maniabest/public_html/wp-content/themes/astra/inc/compatibility/class-astra-bb-ultimate-addon.php' (include_path='.:/opt/alt/php74/usr/share/pear') in /home/maniabest/public_html/wp-content/themes/astra/functions.php on line 140

2022-12-15T18:31:38+00:00 CRITICAL Uncaught Error: Class 'ElementorPro\Modules\ThemeBuilder\Classes\Preview_Manager' not found in /home/maniabest/public_html/wp-content/plugins/elementor-pro/modules/theme-builder/module.php:435
Stack trace:
#0 /home/maniabest/public_html/wp-content/plugins/elementor/core/base/module.php(85): ElementorPro\Modules\ThemeBuilder\Module->__construct()
#1 /home/maniabest/public_html/wp-content/plugins/elementor-pro/core/modules-manager.php(86): Elementor\Core\Base\Module::instance()
#2 /home/maniabest/public_html/wp-content/plugins/elementor-pro/plugin.php(357): ElementorPro\Core\Modules_Manager->__construct()
#3 /home/maniabest/public_html/wp-includes/class-wp-hook.php(308): ElementorPro\Plugin->on_elementor_init('')
#4 /home/maniabest/public_html/wp-includes/class-wp-hook.php(332): WP_Hook->apply_filters('', Array)
#5 /home/maniabest/public_html/wp-includes/plugin.php(517): WP_Hook->do_action(Array)
#6 /home/maniabest/public_html/wp-content/plugins/elementor/includes/plugin.php(652): do_action('elementor/init')
#7 in /home/maniabest/public_html/wp-content/plugins/elementor-pro/modules/theme-builder/module.php on line 435

