2022-12-26T13:25:29+00:00 CRITICAL require(): Failed opening required '/home/maniabest/public_html/wp-content/plugins/woocommerce/src/Admin/API/NavigationFavorites.php' (include_path='.:/opt/alt/php74/usr/share/pear') in /home/maniabest/public_html/wp-content/plugins/woocommerce/vendor/jetpack-autoloader/class-php-autoloader.php on line 87

2022-12-26T13:25:29+00:00 CRITICAL require_once(): Failed opening required '/home/maniabest/public_html/wp-content/themes/astra/inc/builder/type/header/menu/class-astra-header-menu-component-loader.php' (include_path='.:/opt/alt/php74/usr/share/pear') in /home/maniabest/public_html/wp-content/themes/astra/inc/builder/type/header/menu/class-astra-header-menu-component.php on line 31

2022-12-26T13:32:56+00:00 CRITICAL require(): Failed opening required '/home/maniabest/public_html/wp-content/plugins/woocommerce/includes/rest-api/Controllers/Version2/class-wc-rest-system-status-tools-v2-controller.php' (include_path='.:/opt/alt/php74/usr/share/pear') in /home/maniabest/public_html/wp-content/plugins/woocommerce/vendor/jetpack-autoloader/class-php-autoloader.php on line 87

2022-12-26T13:32:56+00:00 CRITICAL require(): Failed opening required '/home/maniabest/public_html/wp-content/plugins/woocommerce/packages/woocommerce-blocks/build/attribute-filter.asset.php' (include_path='.:/opt/alt/php74/usr/share/pear') in /home/maniabest/public_html/wp-content/plugins/woocommerce/packages/woocommerce-blocks/src/Assets/Api.php on line 98

2022-12-26T13:33:16+00:00 CRITICAL require(): Failed opening required '/home/maniabest/public_html/wp-content/plugins/elementor/core/base/document.php' (include_path='.:/opt/alt/php74/usr/share/pear') in /home/maniabest/public_html/wp-content/plugins/elementor/includes/autoloader.php on line 294

2022-12-26T13:44:53+00:00 CRITICAL require(): Failed opening required '/home/maniabest/public_html/wp-content/plugins/woocommerce/packages/woocommerce-blocks/src/BlockTypes/ProductStockIndicator.php' (include_path='.:/opt/alt/php74/usr/share/pear') in /home/maniabest/public_html/wp-content/plugins/woocommerce/vendor/jetpack-autoloader/class-php-autoloader.php on line 87

2022-12-26T13:45:12+00:00 CRITICAL require(): Failed opening required '/home/maniabest/public_html/wp-content/plugins/woocommerce/packages/woocommerce-blocks/build/active-filters-frontend.asset.php' (include_path='.:/opt/alt/php74/usr/share/pear') in /home/maniabest/public_html/wp-content/plugins/woocommerce/packages/woocommerce-blocks/src/Assets/Api.php on line 98

2022-12-26T13:45:12+00:00 CRITICAL require(): Failed opening required '/home/maniabest/public_html/wp-content/plugins/elementor/core/breakpoints/manager.php' (include_path='.:/opt/alt/php74/usr/share/pear') in /home/maniabest/public_html/wp-content/plugins/elementor/includes/autoloader.php on line 294

2022-12-26T14:08:14+00:00 CRITICAL require(): Failed opening required '/home/maniabest/public_html/wp-content/plugins/woocommerce/includes/rest-api/Controllers/Version3/class-wc-rest-order-notes-controller.php' (include_path='.:/opt/alt/php74/usr/share/pear') in /home/maniabest/public_html/wp-content/plugins/woocommerce/vendor/jetpack-autoloader/class-php-autoloader.php on line 87

2022-12-26T14:08:14+00:00 CRITICAL require(): Failed opening required '/home/maniabest/public_html/wp-content/plugins/wp-smush-pro/core/modules/helpers/class-parser.php' (include_path='.:/opt/alt/php74/usr/share/pear') in /home/maniabest/public_html/wp-content/plugins/wp-smush-pro/wp-smush.php on line 271

2022-12-26T14:08:14+00:00 CRITICAL require_once(): Failed opening required '/home/maniabest/public_html/wp-content/plugins/astra-addon/admin/bsf-analytics/class-bsf-analytics.php' (include_path='.:/opt/alt/php74/usr/share/pear') in /home/maniabest/public_html/wp-content/plugins/astra-addon/admin/bsf-analytics/class-bsf-analytics-loader.php on line 113

2022-12-26T14:13:51+00:00 CRITICAL require(): Failed opening required '/home/maniabest/public_html/wp-content/plugins/woocommerce/packages/woocommerce-blocks/src/BlockTypes/ProductSaleBadge.php' (include_path='.:/opt/alt/php74/usr/share/pear') in /home/maniabest/public_html/wp-content/plugins/woocommerce/vendor/jetpack-autoloader/class-php-autoloader.php on line 87

2022-12-26T14:36:26+00:00 CRITICAL require(): Failed opening required '/home/maniabest/public_html/wp-includes/block-patterns/social-links-shared-background-color.php' (include_path='.:/opt/alt/php74/usr/share/pear') in /home/maniabest/public_html/wp-includes/block-patterns.php on line 34

2022-12-26T14:52:05+00:00 CRITICAL require(): Failed opening required '/home/maniabest/public_html/wp-content/plugins/woocommerce/packages/woocommerce-blocks/src/BlockTypes/CartOrderSummaryHeadingBlock.php' (include_path='.:/opt/alt/php74/usr/share/pear') in /home/maniabest/public_html/wp-content/plugins/woocommerce/vendor/jetpack-autoloader/class-php-autoloader.php on line 87

2022-12-26T14:52:05+00:00 CRITICAL require(): Failed opening required '/home/maniabest/public_html/wp-content/plugins/woocommerce/packages/woocommerce-blocks/src/BlockTypes/CartOrderSummaryHeadingBlock.php' (include_path='.:/opt/alt/php74/usr/share/pear') in /home/maniabest/public_html/wp-content/plugins/woocommerce/vendor/jetpack-autoloader/class-php-autoloader.php on line 87

2022-12-26T14:52:05+00:00 CRITICAL require(): Failed opening required '/home/maniabest/public_html/wp-content/plugins/woocommerce/packages/woocommerce-blocks/src/BlockTypes/CartOrderSummaryHeadingBlock.php' (include_path='.:/opt/alt/php74/usr/share/pear') in /home/maniabest/public_html/wp-content/plugins/woocommerce/vendor/jetpack-autoloader/class-php-autoloader.php on line 87

2022-12-26T14:52:19+00:00 CRITICAL require(): Failed opening required '/home/maniabest/public_html/wp-content/plugins/woocommerce/packages/woocommerce-blocks/src/BlockTypes/CheckoutActionsBlock.php' (include_path='.:/opt/alt/php74/usr/share/pear') in /home/maniabest/public_html/wp-content/plugins/woocommerce/vendor/jetpack-autoloader/class-php-autoloader.php on line 87

2022-12-26T14:56:30+00:00 CRITICAL Uncaught Error: Class '\Elementor\ElementsKit_Widget_Post_List_Handler' not found in /home/maniabest/public_html/wp-content/plugins/elementskit-lite/core/build-widgets.php:52
Stack trace:
#0 /home/maniabest/public_html/wp-content/plugins/elementskit-lite/core/build-widgets.php(27): ElementsKit_Lite\Core\Build_Widgets->add_widget(Array)
#1 /home/maniabest/public_html/wp-content/plugins/elementskit-lite/traits/singleton.php(17): ElementsKit_Lite\Core\Build_Widgets->__construct()
#2 /home/maniabest/public_html/wp-content/plugins/elementskit-lite/plugin.php(53): ElementsKit_Lite\Core\Build_Widgets::instance()
#3 /home/maniabest/public_html/wp-content/plugins/elementskit-lite/plugin.php(401): ElementsKit_Lite\Plugin->__construct()
#4 /home/maniabest/public_html/wp-content/plugins/elementskit-lite/elementskit-lite.php(349): ElementsKit_Lite\Plugin::instance()
#5 /home/maniabest/public_html/wp-includes/class-wp-hook.php(308): ElementsKit_Lite->{closure}('')
#6 /home/maniabest/public_html/wp-includes/class-wp-hook.ph in /home/maniabest/public_html/wp-content/plugins/elementskit-lite/core/build-widgets.php on line 52

2022-12-26T14:59:14+00:00 CRITICAL require(): Failed opening required '/home/maniabest/public_html/wp-includes/blocks/navigation/view.min.asset.php' (include_path='.:/opt/alt/php74/usr/share/pear') in /home/maniabest/public_html/wp-includes/blocks.php on line 150

2022-12-26T14:59:20+00:00 CRITICAL require_once(): Failed opening required '/home/maniabest/public_html/wp-content/plugins/ti-woocommerce-wishlist/integrations/product-extras-for-woocommerce.php' (include_path='.:/opt/alt/php74/usr/share/pear') in /home/maniabest/public_html/wp-content/plugins/ti-woocommerce-wishlist/ti-woocommerce-wishlist.php on line 245

2022-12-26T14:59:20+00:00 CRITICAL require_once(): Failed opening required '/home/maniabest/public_html/wp-content/plugins/elementskit-lite/libs/framework/classes/onboard-status.php' (include_path='.:/opt/alt/php74/usr/share/pear') in /home/maniabest/public_html/wp-content/plugins/elementskit-lite/autoloader.php on line 55

