2022-12-13T07:23:32+00:00 CRITICAL require(): Failed opening required '/home/sawproch/public_html/taurussports.omae.ch/wp-content/plugins/woocommerce/packages/woocommerce-blocks/src/Assets/Api.php' (include_path='.') in /home/sawproch/public_html/taurussports.omae.ch/wp-content/plugins/woocommerce/vendor/jetpack-autoloader/class-php-autoloader.php on line 87

2022-12-13T07:23:32+00:00 CRITICAL Uncaught Error: Class 'Elementor\Widget_google_maps' not found in /home/sawproch/public_html/taurussports.omae.ch/wp-content/plugins/elementor/includes/managers/widgets.php:88
Stack trace:
#0 /home/sawproch/public_html/taurussports.omae.ch/wp-content/plugins/elementor/includes/managers/widgets.php(310): Elementor\Widgets_Manager->init_widgets()
#1 /home/sawproch/public_html/taurussports.omae.ch/wp-content/plugins/elementor/includes/elements/column.php(1044): Elementor\Widgets_Manager->get_widget_types('image')
#2 /home/sawproch/public_html/taurussports.omae.ch/wp-content/plugins/elementor/includes/base/element-base.php(861): Elementor\Element_Column->_get_default_child_type(Array)
#3 /home/sawproch/public_html/taurussports.omae.ch/wp-content/plugins/elementor/includes/base/element-base.php(338): Elementor\Element_Base->get_child_type(Array)
#4 /home/sawproch/public_html/taurussports.omae.ch/wp-content/plugins/elementor/includes/base/element-base.php(906): Elementor\Element_Base->add_child(Array)
#5 /home/sawp in /home/sawproch/public_html/taurussports.omae.ch/wp-content/plugins/elementor/includes/managers/widgets.php on line 88

2022-12-13T07:23:55+00:00 CRITICAL require_once(): Failed opening required '/home/sawproch/public_html/taurussports.omae.ch/wp-content/plugins/astra-addon/classes/deprecated/deprecated-filters.php' (include_path='.') in /home/sawproch/public_html/taurussports.omae.ch/wp-content/plugins/astra-addon/classes/class-astra-theme-extension.php on line 575

2022-12-13T07:25:14+00:00 CRITICAL require_once(): Failed opening required '/home/sawproch/public_html/taurussports.omae.ch/wp-includes/widgets/class-wp-widget-tag-cloud.php' (include_path='.') in /home/sawproch/public_html/taurussports.omae.ch/wp-includes/default-widgets.php on line 59

2022-12-13T07:25:22+00:00 CRITICAL require_once(): Failed opening required '/home/sawproch/public_html/taurussports.omae.ch/wp-content/plugins/yith-woocommerce-ajax-navigation/includes/filters/class-yith-wcan-filter-tax.php' (include_path='.') in /home/sawproch/public_html/taurussports.omae.ch/wp-content/plugins/yith-woocommerce-ajax-navigation/includes/class-yith-wcan.php on line 208

2022-12-13T07:25:33+00:00 CRITICAL require_once(): Failed opening required '/home/sawproch/public_html/taurussports.omae.ch/wp-content/plugins/wp-smush-pro/core/external/dash-notice/wpmudev-dash-notification.php' (include_path='.') in /home/sawproch/public_html/taurussports.omae.ch/wp-content/plugins/wp-smush-pro/wp-smush.php on line 430

2022-12-13T07:25:42+00:00 CRITICAL require_once(): Failed opening required '/home/sawproch/public_html/taurussports.omae.ch/wp-content/plugins/astra-addon/addons/advanced-search/classes/class-astra-ext-adv-search-markup.php' (include_path='.') in /home/sawproch/public_html/taurussports.omae.ch/wp-content/plugins/astra-addon/addons/advanced-search/class-astra-ext-advanced-search.php on line 49

2022-12-13T07:25:42+00:00 CRITICAL require_once(): Failed opening required '/home/sawproch/public_html/taurussports.omae.ch/wp-content/plugins/astra-addon/addons/woocommerce/classes/dynamic.css.php' (include_path='.') in /home/sawproch/public_html/taurussports.omae.ch/wp-content/plugins/astra-addon/addons/woocommerce/class-astra-ext-woocommerce.php on line 54

2022-12-13T07:28:09+00:00 CRITICAL require(): Failed opening required '/home/sawproch/public_html/taurussports.omae.ch/wp-content/plugins/elementor/includes/base/widget-base.php' (include_path='.') in /home/sawproch/public_html/taurussports.omae.ch/wp-content/plugins/elementor/includes/managers/widgets.php on line 194

2022-12-13T07:37:14+00:00 CRITICAL require(): Failed opening required '/home/sawproch/public_html/taurussports.omae.ch/wp-content/plugins/woocommerce/packages/woocommerce-blocks/src/BlockTypes/MiniCart.php' (include_path='.') in /home/sawproch/public_html/taurussports.omae.ch/wp-content/plugins/woocommerce/vendor/jetpack-autoloader/class-php-autoloader.php on line 87

2022-12-13T07:37:29+00:00 CRITICAL require_once(): Failed opening required '/home/sawproch/public_html/taurussports.omae.ch/wp-includes/widgets/class-wp-widget-pages.php' (include_path='.') in /home/sawproch/public_html/taurussports.omae.ch/wp-includes/default-widgets.php on line 11

2022-12-13T07:38:07+00:00 CRITICAL Uncaught Error: Class 'ElementorPro\Modules\Forms\Actions\Activecampaign' not found in /home/sawproch/public_html/taurussports.omae.ch/wp-content/plugins/elementor-pro/modules/forms/registrars/form-actions-registrar.php:43
Stack trace:
#0 /home/sawproch/public_html/taurussports.omae.ch/wp-includes/class-wp-hook.php(308): ElementorPro\Modules\Forms\Registrars\Form_Actions_Registrar->ElementorPro\Modules\Forms\Registrars\{closure}(Object(ElementorPro\Modules\Forms\Registrars\Form_Actions_Registrar))
#1 /home/sawproch/public_html/taurussports.omae.ch/wp-includes/class-wp-hook.php(332): WP_Hook->apply_filters(NULL, Array)
#2 /home/sawproch/public_html/taurussports.omae.ch/wp-includes/plugin.php(517): WP_Hook->do_action(Array)
#3 /home/sawproch/public_html/taurussports.omae.ch/wp-content/plugins/elementor-pro/modules/forms/registrars/form-actions-registrar.php(74): do_action('elementor_pro/f...', Object(ElementorPro\Modules\Forms\Registrars\Form_Actions_Registrar))
#4 /home/sawproch/public_html/taurussports.omae.c in /home/sawproch/public_html/taurussports.omae.ch/wp-content/plugins/elementor-pro/modules/forms/registrars/form-actions-registrar.php on line 43

2022-12-13T07:38:07+00:00 CRITICAL require_once(): Failed opening required '/home/sawproch/public_html/taurussports.omae.ch/wp-content/plugins/wpmudev-updates/shared-ui/plugin-ui.php' (include_path='.') in /home/sawproch/public_html/taurussports.omae.ch/wp-content/plugins/wpmudev-updates/update-notifications.php on line 192

2022-12-13T07:38:07+00:00 CRITICAL require(): Failed opening required '/home/sawproch/public_html/taurussports.omae.ch/wp-content/plugins/elementor/core/common/app.php' (include_path='.') in /home/sawproch/public_html/taurussports.omae.ch/wp-content/plugins/elementor/includes/autoloader.php on line 267

2022-12-13T07:38:28+00:00 CRITICAL Uncaught Error: Class 'Yoast\WP\Duplicate_Post\Utils' not found in /home/sawproch/public_html/taurussports.omae.ch/wp-content/plugins/duplicate-post/src/ui/admin-bar.php:54
Stack trace:
#0 /home/sawproch/public_html/taurussports.omae.ch/wp-content/plugins/duplicate-post/src/ui/user-interface.php(117): Yoast\WP\Duplicate_Post\UI\Admin_Bar->register_hooks()
#1 /home/sawproch/public_html/taurussports.omae.ch/wp-content/plugins/duplicate-post/src/duplicate-post.php(70): Yoast\WP\Duplicate_Post\UI\User_Interface->__construct(Object(Yoast\WP\Duplicate_Post\Permissions_Helper))
#2 /home/sawproch/public_html/taurussports.omae.ch/wp-content/plugins/duplicate-post/duplicate-post.php(71): Yoast\WP\Duplicate_Post\Duplicate_Post->__construct()
#3 /home/sawproch/public_html/taurussports.omae.ch/wp-includes/class-wp-hook.php(308): __duplicate_post_main('')
#4 /home/sawproch/public_html/taurussports.omae.ch/wp-includes/class-wp-hook.php(332): WP_Hook->apply_filters(NULL, Array)
#5 /home/sawproch/public_html/taurussports.omae in /home/sawproch/public_html/taurussports.omae.ch/wp-content/plugins/duplicate-post/src/ui/admin-bar.php on line 54

2022-12-13T07:38:32+00:00 CRITICAL Uncaught Error: Class 'WC_Abstract_Order' not found in /home/sawproch/public_html/taurussports.omae.ch/wp-content/plugins/woocommerce/includes/class-wc-order.php:16
Stack trace:
#0 /home/sawproch/public_html/taurussports.omae.ch/wp-content/plugins/woocommerce/includes/class-wc-autoloader.php(54): include_once()
#1 /home/sawproch/public_html/taurussports.omae.ch/wp-content/plugins/woocommerce/includes/class-wc-autoloader.php(98): WC_Autoloader->load_file('/home/sawproch/...')
#2 [internal function]: WC_Autoloader->autoload('wc_order')
#3 /home/sawproch/public_html/taurussports.omae.ch/wp-content/plugins/woocommerce/src/Admin/Overrides/Order.php(18): spl_autoload_call('WC_Order')
#4 /home/sawproch/public_html/taurussports.omae.ch/wp-content/plugins/woocommerce/vendor/jetpack-autoloader/class-php-autoloader.php(87): require('/home/sawproch/...')
#5 [internal function]: Automattic\Jetpack\Autoloader\jpbcaf172af4c305a2967aa4ee5f73b7e1\PHP_Autoloader::load_class('Automattic\\WooC...')
#6 /home/sawproch/public_html/ in /home/sawproch/public_html/taurussports.omae.ch/wp-content/plugins/woocommerce/includes/class-wc-order.php on line 16

2022-12-13T07:49:05+00:00 CRITICAL Uncaught Error: Class 'ElementorPro\Core\Database\Base_Database_Updater' not found in /home/sawproch/public_html/taurussports.omae.ch/wp-content/plugins/elementor-pro/modules/notes/database/notes-database-updater.php:15
Stack trace:
#0 /home/sawproch/public_html/taurussports.omae.ch/wp-content/plugins/elementor-pro/plugin.php(153): include()
#1 [internal function]: ElementorPro\Plugin->autoload('ElementorPro\\Mo...')
#2 /home/sawproch/public_html/taurussports.omae.ch/wp-content/plugins/elementor-pro/modules/notes/module.php(205): spl_autoload_call('ElementorPro\\Mo...')
#3 /home/sawproch/public_html/taurussports.omae.ch/wp-content/plugins/elementor/core/base/module.php(85): ElementorPro\Modules\Notes\Module->__construct()
#4 /home/sawproch/public_html/taurussports.omae.ch/wp-content/plugins/elementor-pro/core/modules-manager.php(86): Elementor\Core\Base\Module::instance()
#5 /home/sawproch/public_html/taurussports.omae.ch/wp-content/plugins/elementor-pro/plugin.php(357): ElementorPro\Core\Modules_Manager->__c in /home/sawproch/public_html/taurussports.omae.ch/wp-content/plugins/elementor-pro/modules/notes/database/notes-database-updater.php on line 15

2022-12-13T07:49:05+00:00 CRITICAL Uncaught Error: Class 'ElementorPro\Modules\AssetsManager\AssetTypes\Fonts\Custom_Fonts' not found in /home/sawproch/public_html/taurussports.omae.ch/wp-content/plugins/elementor-pro/modules/assets-manager/asset-types/fonts-manager.php:597
Stack trace:
#0 /home/sawproch/public_html/taurussports.omae.ch/wp-content/plugins/elementor-pro/modules/assets-manager/module.php(48): ElementorPro\Modules\AssetsManager\AssetTypes\Fonts_Manager->__construct()
#1 /home/sawproch/public_html/taurussports.omae.ch/wp-content/plugins/elementor/core/base/module.php(85): ElementorPro\Modules\AssetsManager\Module->__construct()
#2 /home/sawproch/public_html/taurussports.omae.ch/wp-content/plugins/elementor-pro/core/modules-manager.php(86): Elementor\Core\Base\Module::instance()
#3 /home/sawproch/public_html/taurussports.omae.ch/wp-content/plugins/elementor-pro/plugin.php(357): ElementorPro\Core\Modules_Manager->__construct()
#4 /home/sawproch/public_html/taurussports.omae.ch/wp-includes/class-wp-hook.php(308): ElementorPro\Plugin- in /home/sawproch/public_html/taurussports.omae.ch/wp-content/plugins/elementor-pro/modules/assets-manager/asset-types/fonts-manager.php on line 597

2022-12-13T07:49:25+00:00 CRITICAL require_once(): Failed opening required '/home/sawproch/public_html/taurussports.omae.ch/wp-includes/widgets/class-wp-widget-rss.php' (include_path='.') in /home/sawproch/public_html/taurussports.omae.ch/wp-includes/default-widgets.php on line 56

2022-12-13T07:51:50+00:00 CRITICAL require_once(): Failed opening required '/home/sawproch/public_html/taurussports.omae.ch/wp-content/plugins/yith-woocommerce-ajax-navigation/plugin-fw/includes/class-yit-plugin-panel-woocommerce.php' (include_path='.') in /home/sawproch/public_html/taurussports.omae.ch/wp-content/plugins/yith-woocommerce-ajax-navigation/plugin-fw/yit-plugin.php on line 21

2022-12-13T07:52:09+00:00 CRITICAL require(): Failed opening required '/home/sawproch/public_html/taurussports.omae.ch/wp-content/plugins/elementor/core/files/assets/svg/svg-handler.php' (include_path='.') in /home/sawproch/public_html/taurussports.omae.ch/wp-content/plugins/elementor/includes/autoloader.php on line 267

2022-12-13T07:54:39+00:00 CRITICAL require(): Failed opening required '/home/sawproch/public_html/taurussports.omae.ch/wp-content/plugins/elementor/core/files/assets/svg/svg-handler.php' (include_path='.') in /home/sawproch/public_html/taurussports.omae.ch/wp-content/plugins/elementor/includes/autoloader.php on line 267

2022-12-13T07:58:51+00:00 CRITICAL require(): Failed opening required '/home/sawproch/public_html/taurussports.omae.ch/wp-content/plugins/elementor/includes/base/widget-base.php' (include_path='.') in /home/sawproch/public_html/taurussports.omae.ch/wp-content/plugins/elementor/includes/managers/widgets.php on line 194

2022-12-13T07:58:58+00:00 CRITICAL require_once(): Failed opening required '/home/sawproch/public_html/taurussports.omae.ch/wp-admin/includes/ajax-actions.php' (include_path='.') in /home/sawproch/public_html/taurussports.omae.ch/wp-admin/admin-ajax.php on line 39

2022-12-13T07:59:26+00:00 CRITICAL require_once(): Failed opening required '/home/sawproch/public_html/taurussports.omae.ch/wp-content/plugins/ti-woocommerce-wishlist/admin/tinvwl.class.php' (include_path='.') in /home/sawproch/public_html/taurussports.omae.ch/wp-content/plugins/ti-woocommerce-wishlist/ti-woocommerce-wishlist.php on line 199

2022-12-13T07:59:31+00:00 CRITICAL require(): Failed opening required '/home/sawproch/public_html/taurussports.omae.ch/wp-content/plugins/woocommerce/src/Internal/ProductDownloads/ApprovedDirectories/Synchronize.php' (include_path='.') in /home/sawproch/public_html/taurussports.omae.ch/wp-content/plugins/woocommerce/vendor/jetpack-autoloader/class-php-autoloader.php on line 87

2022-12-13T07:59:40+00:00 CRITICAL require(): Failed opening required '/home/sawproch/public_html/taurussports.omae.ch/wp-content/plugins/elementor/core/files/file-types/svg.php' (include_path='.') in /home/sawproch/public_html/taurussports.omae.ch/wp-content/plugins/elementor/includes/autoloader.php on line 267

2022-12-13T08:01:59+00:00 CRITICAL require(): Failed opening required '/home/sawproch/public_html/taurussports.omae.ch/wp-content/plugins/woocommerce/packages/woocommerce-blocks/src/Utils/BlockTemplateUtils.php' (include_path='.') in /home/sawproch/public_html/taurussports.omae.ch/wp-content/plugins/woocommerce/vendor/jetpack-autoloader/class-php-autoloader.php on line 87

2022-12-13T08:03:08+00:00 CRITICAL require_once(): Failed opening required '/home/sawproch/public_html/taurussports.omae.ch/wp-content/plugins/wpmudev-updates/includes/class-wpmudev-dashboard-site.php' (include_path='.') in /home/sawproch/public_html/taurussports.omae.ch/wp-content/plugins/wpmudev-updates/update-notifications.php on line 195

2022-12-13T08:05:31+00:00 CRITICAL require(): Failed opening required '/home/sawproch/public_html/taurussports.omae.ch/wp-content/plugins/woocommerce/src/Internal/DownloadPermissionsAdjuster.php' (include_path='.') in /home/sawproch/public_html/taurussports.omae.ch/wp-content/plugins/woocommerce/vendor/jetpack-autoloader/class-php-autoloader.php on line 87

2022-12-13T08:05:31+00:00 CRITICAL require_once(): Failed opening required '/home/sawproch/public_html/taurussports.omae.ch/wp-content/themes/astra/inc/builder/markup/class-astra-builder-footer.php' (include_path='.') in /home/sawproch/public_html/taurussports.omae.ch/wp-content/themes/astra/inc/builder/class-astra-builder-loader.php on line 59

2022-12-13T08:07:19+00:00 CRITICAL require(): Failed opening required '/home/sawproch/public_html/taurussports.omae.ch/wp-content/plugins/woocommerce/src/Internal/Admin/Notes/WooSubscriptionsNotes.php' (include_path='.') in /home/sawproch/public_html/taurussports.omae.ch/wp-content/plugins/woocommerce/vendor/jetpack-autoloader/class-php-autoloader.php on line 87

2022-12-13T08:07:30+00:00 CRITICAL require(): Failed opening required '/home/sawproch/public_html/taurussports.omae.ch/wp-content/plugins/elementor-pro/plugin.php' (include_path='.') in /home/sawproch/public_html/taurussports.omae.ch/wp-content/plugins/elementor-pro/elementor-pro.php on line 57

2022-12-13T08:07:31+00:00 CRITICAL require(): Failed opening required '/home/sawproch/public_html/taurussports.omae.ch/wp-content/plugins/elementor/data/manager.php' (include_path='.') in /home/sawproch/public_html/taurussports.omae.ch/wp-content/plugins/elementor/includes/autoloader.php on line 267

2022-12-13T08:07:51+00:00 CRITICAL require_once(): Failed opening required '/home/sawproch/public_html/taurussports.omae.ch/wp-content/plugins/astra-addon/classes/class-astra-addon-update-filter-function.php' (include_path='.') in /home/sawproch/public_html/taurussports.omae.ch/wp-content/plugins/astra-addon/classes/class-astra-theme-extension.php on line 583

2022-12-13T08:08:13+00:00 CRITICAL require_once(): Failed opening required '/home/sawproch/public_html/taurussports.omae.ch/wp-content/plugins/yith-woocommerce-ajax-navigation/includes/functions-yith-wcan.php' (include_path='.') in /home/sawproch/public_html/taurussports.omae.ch/wp-content/plugins/yith-woocommerce-ajax-navigation/includes/class-yith-wcan.php on line 155

2022-12-13T08:08:51+00:00 CRITICAL require(): Failed opening required '/home/sawproch/public_html/taurussports.omae.ch/wp-content/plugins/woocommerce/src/Internal/Admin/Notes/InstallJPAndWCSPlugins.php' (include_path='.') in /home/sawproch/public_html/taurussports.omae.ch/wp-content/plugins/woocommerce/vendor/jetpack-autoloader/class-php-autoloader.php on line 87

2022-12-13T08:09:17+00:00 CRITICAL require_once(): Failed opening required '/home/sawproch/public_html/taurussports.omae.ch/wp-content/plugins/yith-woocommerce-ajax-navigation/includes/class-yith-wcan-query.php' (include_path='.') in /home/sawproch/public_html/taurussports.omae.ch/wp-content/plugins/yith-woocommerce-ajax-navigation/includes/class-yith-wcan.php on line 155

2022-12-13T08:09:17+00:00 CRITICAL require_once(): Failed opening required '/home/sawproch/public_html/taurussports.omae.ch/wp-content/themes/astra/inc/builder/markup/class-astra-builder-footer.php' (include_path='.') in /home/sawproch/public_html/taurussports.omae.ch/wp-content/themes/astra/inc/builder/class-astra-builder-loader.php on line 59

2022-12-13T08:09:17+00:00 CRITICAL Uncaught Error: Class '\ElementorPro\Modules\QueryControl\Module' not found in /home/sawproch/public_html/taurussports.omae.ch/wp-content/plugins/elementor-pro/core/modules-manager.php:75
Stack trace:
#0 /home/sawproch/public_html/taurussports.omae.ch/wp-content/plugins/elementor-pro/plugin.php(357): ElementorPro\Core\Modules_Manager->__construct()
#1 /home/sawproch/public_html/taurussports.omae.ch/wp-includes/class-wp-hook.php(308): ElementorPro\Plugin->on_elementor_init('')
#2 /home/sawproch/public_html/taurussports.omae.ch/wp-includes/class-wp-hook.php(332): WP_Hook->apply_filters('', Array)
#3 /home/sawproch/public_html/taurussports.omae.ch/wp-includes/plugin.php(517): WP_Hook->do_action(Array)
#4 /home/sawproch/public_html/taurussports.omae.ch/wp-content/plugins/elementor/includes/plugin.php(652): do_action('elementor/init')
#5 /home/sawproch/public_html/taurussports.omae.ch/wp-includes/class-wp-hook.php(308): Elementor\Plugin->init('')
#6 /home/sawproch/public_html/taurussports.omae.ch/wp-includes/class in /home/sawproch/public_html/taurussports.omae.ch/wp-content/plugins/elementor-pro/core/modules-manager.php on line 75

2022-12-13T08:09:32+00:00 CRITICAL require(): Failed opening required '/home/sawproch/public_html/taurussports.omae.ch/wp-content/plugins/woocommerce/src/Admin/Features/OnboardingTasks/DeprecatedOptions.php' (include_path='.') in /home/sawproch/public_html/taurussports.omae.ch/wp-content/plugins/woocommerce/vendor/jetpack-autoloader/class-php-autoloader.php on line 87

2022-12-13T08:10:37+00:00 CRITICAL require_once(): Failed opening required '/home/sawproch/public_html/taurussports.omae.ch/wp-content/themes/astra/inc/class-astra-loop.php' (include_path='.') in /home/sawproch/public_html/taurussports.omae.ch/wp-content/themes/astra/functions.php on line 92

2022-12-13T08:10:37+00:00 CRITICAL Uncaught Error: Class 'Yoast\WP\Duplicate_Post\UI\Newsletter' not found in /home/sawproch/public_html/taurussports.omae.ch/wp-content/plugins/duplicate-post/src/ui/user-interface.php:112
Stack trace:
#0 /home/sawproch/public_html/taurussports.omae.ch/wp-content/plugins/duplicate-post/src/duplicate-post.php(70): Yoast\WP\Duplicate_Post\UI\User_Interface->__construct(Object(Yoast\WP\Duplicate_Post\Permissions_Helper))
#1 /home/sawproch/public_html/taurussports.omae.ch/wp-content/plugins/duplicate-post/duplicate-post.php(71): Yoast\WP\Duplicate_Post\Duplicate_Post->__construct()
#2 /home/sawproch/public_html/taurussports.omae.ch/wp-includes/class-wp-hook.php(308): __duplicate_post_main('')
#3 /home/sawproch/public_html/taurussports.omae.ch/wp-includes/class-wp-hook.php(332): WP_Hook->apply_filters(NULL, Array)
#4 /home/sawproch/public_html/taurussports.omae.ch/wp-includes/plugin.php(517): WP_Hook->do_action(Array)
#5 /home/sawproch/public_html/taurussports.omae.ch/wp-settings.php(480): do_action('plugins_loaded' in /home/sawproch/public_html/taurussports.omae.ch/wp-content/plugins/duplicate-post/src/ui/user-interface.php on line 112

2022-12-13T08:10:48+00:00 CRITICAL require_once(): Failed opening required '/home/sawproch/public_html/taurussports.omae.ch/wp-content/plugins/astra-addon/classes/class-astra-icons.php' (include_path='.') in /home/sawproch/public_html/taurussports.omae.ch/wp-content/plugins/astra-addon/classes/class-astra-theme-extension.php on line 558

2022-12-13T08:11:29+00:00 CRITICAL require(): Failed opening required '/home/sawproch/public_html/taurussports.omae.ch/wp-content/plugins/woocommerce/src/Internal/Admin/Notes/CouponPageMoved.php' (include_path='.') in /home/sawproch/public_html/taurussports.omae.ch/wp-content/plugins/woocommerce/vendor/jetpack-autoloader/class-php-autoloader.php on line 87

2022-12-13T08:12:16+00:00 CRITICAL require_once(): Failed opening required '/home/sawproch/public_html/taurussports.omae.ch/wp-content/themes/astra/inc/metabox/class-astra-meta-boxes.php' (include_path='.') in /home/sawproch/public_html/taurussports.omae.ch/wp-content/themes/astra/functions.php on line 116

2022-12-13T08:19:19+00:00 CRITICAL require(): Failed opening required '/home/sawproch/public_html/taurussports.omae.ch/wp-content/plugins/woocommerce/src/Admin/API/Reports/Variations/Stats/Controller.php' (include_path='.') in /home/sawproch/public_html/taurussports.omae.ch/wp-content/plugins/woocommerce/vendor/jetpack-autoloader/class-php-autoloader.php on line 87

2022-12-13T08:34:29+00:00 CRITICAL require(): Failed opening required '/home/sawproch/public_html/taurussports.omae.ch/wp-content/plugins/woocommerce/packages/woocommerce-blocks/build/product-tag.asset.php' (include_path='.') in /home/sawproch/public_html/taurussports.omae.ch/wp-content/plugins/woocommerce/packages/woocommerce-blocks/src/Assets/Api.php on line 98

2022-12-13T08:35:15+00:00 CRITICAL Uncaught Error: Class 'Wdr\App\Helpers\Input' not found in /home/sawproch/public_html/taurussports.omae.ch/wp-content/plugins/woo-discount-rules/v2/App/Conditions/Base.php:21
Stack trace:
#0 /home/sawproch/public_html/taurussports.omae.ch/wp-content/plugins/woo-discount-rules/v2/App/Conditions/CartLineItemsCount.php(14): Wdr\App\Conditions\Base->__construct()
#1 /home/sawproch/public_html/taurussports.omae.ch/wp-content/plugins/woo-discount-rules/v2/App/Controllers/Base.php(102): Wdr\App\Conditions\CartLineItemsCount->__construct()
#2 /home/sawproch/public_html/taurussports.omae.ch/wp-content/plugins/woo-discount-rules/v2/App/Controllers/Base.php(28): Wdr\App\Controllers\Base->getAvailableConditions()
#3 /home/sawproch/public_html/taurussports.omae.ch/wp-content/plugins/woo-discount-rules/v2/App/Controllers/Admin/Settings.php(28): Wdr\App\Controllers\Base->__construct()
#4 /home/sawproch/public_html/taurussports.omae.ch/wp-content/plugins/woo-discount-rules/v2/App/Router.php(28): Wdr\App\Controllers\Admin\Set in /home/sawproch/public_html/taurussports.omae.ch/wp-content/plugins/woo-discount-rules/v2/App/Conditions/Base.php on line 21

2022-12-13T08:35:34+00:00 CRITICAL Uncaught Error: Class 'ElementorPro\Modules\CustomCode\Custom_Code_Metabox' not found in /home/sawproch/public_html/taurussports.omae.ch/wp-content/plugins/elementor-pro/modules/custom-code/module.php:40
Stack trace:
#0 /home/sawproch/public_html/taurussports.omae.ch/wp-content/plugins/elementor/core/base/module.php(85): ElementorPro\Modules\CustomCode\Module->__construct()
#1 /home/sawproch/public_html/taurussports.omae.ch/wp-content/plugins/elementor-pro/core/modules-manager.php(86): Elementor\Core\Base\Module::instance()
#2 /home/sawproch/public_html/taurussports.omae.ch/wp-content/plugins/elementor-pro/plugin.php(357): ElementorPro\Core\Modules_Manager->__construct()
#3 /home/sawproch/public_html/taurussports.omae.ch/wp-includes/class-wp-hook.php(308): ElementorPro\Plugin->on_elementor_init('')
#4 /home/sawproch/public_html/taurussports.omae.ch/wp-includes/class-wp-hook.php(332): WP_Hook->apply_filters('', Array)
#5 /home/sawproch/public_html/taurussports.omae.ch/wp-includes/plugin.php(517): WP_Hook->do_a in /home/sawproch/public_html/taurussports.omae.ch/wp-content/plugins/elementor-pro/modules/custom-code/module.php on line 40

2022-12-13T08:35:36+00:00 CRITICAL Uncaught Error: Class 'ElementorPro\Modules\AssetsManager\AssetTypes\Fonts_Manager' not found in /home/sawproch/public_html/taurussports.omae.ch/wp-content/plugins/elementor-pro/modules/assets-manager/module.php:48
Stack trace:
#0 /home/sawproch/public_html/taurussports.omae.ch/wp-content/plugins/elementor/core/base/module.php(85): ElementorPro\Modules\AssetsManager\Module->__construct()
#1 /home/sawproch/public_html/taurussports.omae.ch/wp-content/plugins/elementor-pro/core/modules-manager.php(86): Elementor\Core\Base\Module::instance()
#2 /home/sawproch/public_html/taurussports.omae.ch/wp-content/plugins/elementor-pro/plugin.php(357): ElementorPro\Core\Modules_Manager->__construct()
#3 /home/sawproch/public_html/taurussports.omae.ch/wp-includes/class-wp-hook.php(308): ElementorPro\Plugin->on_elementor_init('')
#4 /home/sawproch/public_html/taurussports.omae.ch/wp-includes/class-wp-hook.php(332): WP_Hook->apply_filters('', Array)
#5 /home/sawproch/public_html/taurussports.omae.ch/wp-includes/plugin.php(517): in /home/sawproch/public_html/taurussports.omae.ch/wp-content/plugins/elementor-pro/modules/assets-manager/module.php on line 48

2022-12-13T08:35:42+00:00 CRITICAL Uncaught Error: Class 'ElementorPro\Modules\AssetsManager\Classes\Font_Base' not found in /home/sawproch/public_html/taurussports.omae.ch/wp-content/plugins/elementor-pro/modules/assets-manager/asset-types/fonts/custom-fonts.php:14
Stack trace:
#0 /home/sawproch/public_html/taurussports.omae.ch/wp-content/plugins/elementor-pro/plugin.php(153): include()
#1 [internal function]: ElementorPro\Plugin->autoload('ElementorPro\\Mo...')
#2 /home/sawproch/public_html/taurussports.omae.ch/wp-content/plugins/elementor-pro/modules/assets-manager/asset-types/fonts-manager.php(597): spl_autoload_call('ElementorPro\\Mo...')
#3 /home/sawproch/public_html/taurussports.omae.ch/wp-content/plugins/elementor-pro/modules/assets-manager/module.php(48): ElementorPro\Modules\AssetsManager\AssetTypes\Fonts_Manager->__construct()
#4 /home/sawproch/public_html/taurussports.omae.ch/wp-content/plugins/elementor/core/base/module.php(85): ElementorPro\Modules\AssetsManager\Module->__construct()
#5 /home/sawproch/public_html/taurussports.oma in /home/sawproch/public_html/taurussports.omae.ch/wp-content/plugins/elementor-pro/modules/assets-manager/asset-types/fonts/custom-fonts.php on line 14

2022-12-13T08:35:50+00:00 CRITICAL Uncaught Error: Class 'ElementorPro\Modules\Forms\Submissions\Actions\Save_To_Database' not found in /home/sawproch/public_html/taurussports.omae.ch/wp-content/plugins/elementor-pro/modules/forms/submissions/component.php:163
Stack trace:
#0 /home/sawproch/public_html/taurussports.omae.ch/wp-includes/class-wp-hook.php(308): ElementorPro\Modules\Forms\Submissions\Component->ElementorPro\Modules\Forms\Submissions\{closure}(Object(ElementorPro\Modules\Forms\Registrars\Form_Actions_Registrar))
#1 /home/sawproch/public_html/taurussports.omae.ch/wp-includes/class-wp-hook.php(332): WP_Hook->apply_filters('', Array)
#2 /home/sawproch/public_html/taurussports.omae.ch/wp-includes/plugin.php(517): WP_Hook->do_action(Array)
#3 /home/sawproch/public_html/taurussports.omae.ch/wp-content/plugins/elementor-pro/modules/forms/registrars/form-actions-registrar.php(74): do_action('elementor_pro/f...', Object(ElementorPro\Modules\Forms\Registrars\Form_Actions_Registrar))
#4 /home/sawproch/public_html/taurussports.omae.ch/wp-conte in /home/sawproch/public_html/taurussports.omae.ch/wp-content/plugins/elementor-pro/modules/forms/submissions/component.php on line 163

2022-12-13T08:36:43+00:00 CRITICAL require(): Failed opening required '/home/sawproch/public_html/taurussports.omae.ch/wp-content/plugins/woocommerce/packages/woocommerce-blocks/src/Package.php' (include_path='.') in /home/sawproch/public_html/taurussports.omae.ch/wp-content/plugins/woocommerce/vendor/jetpack-autoloader/class-php-autoloader.php on line 87

2022-12-13T08:37:24+00:00 CRITICAL require_once(): Failed opening required '/home/sawproch/public_html/taurussports.omae.ch/wp-includes/widgets/class-wp-widget-archives.php' (include_path='.') in /home/sawproch/public_html/taurussports.omae.ch/wp-includes/default-widgets.php on line 20

2022-12-13T09:03:00+00:00 CRITICAL require_once(): Failed opening required '/home/sawproch/public_html/taurussports.omae.ch/wp-content/plugins/ti-woocommerce-wishlist/public/wishlist/view.class.php' (include_path='.') in /home/sawproch/public_html/taurussports.omae.ch/wp-content/plugins/ti-woocommerce-wishlist/ti-woocommerce-wishlist.php on line 199

2022-12-13T09:03:55+00:00 CRITICAL require(): Failed opening required '/home/sawproch/public_html/taurussports.omae.ch/wp-content/plugins/elementor//includes/settings/settings-page.php' (include_path='.') in /home/sawproch/public_html/taurussports.omae.ch/wp-content/plugins/elementor/includes/autoloader.php on line 267

2022-12-13T09:06:34+00:00 CRITICAL require(): Failed opening required '/home/sawproch/public_html/taurussports.omae.ch/wp-content/plugins/wp-smush-pro/core/modules/background/class-background-logger-container.php' (include_path='.') in /home/sawproch/public_html/taurussports.omae.ch/wp-content/plugins/wp-smush-pro/wp-smush.php on line 271

2022-12-13T09:07:13+00:00 CRITICAL require_once(): Failed opening required '/home/sawproch/public_html/taurussports.omae.ch/wp-includes/widgets/class-wp-widget-custom-html.php' (include_path='.') in /home/sawproch/public_html/taurussports.omae.ch/wp-includes/default-widgets.php on line 65

2022-12-13T09:07:35+00:00 CRITICAL require(): Failed opening required '/home/sawproch/public_html/taurussports.omae.ch/wp-content/plugins/woocommerce/src/Utilities/PluginUtil.php' (include_path='.') in /home/sawproch/public_html/taurussports.omae.ch/wp-content/plugins/woocommerce/vendor/jetpack-autoloader/class-php-autoloader.php on line 87

2022-12-13T09:08:09+00:00 CRITICAL require(): Failed opening required '/home/sawproch/public_html/taurussports.omae.ch/wp-content/plugins/elementor/modules/favorites/types/widgets.php' (include_path='.') in /home/sawproch/public_html/taurussports.omae.ch/wp-content/plugins/elementor/includes/autoloader.php on line 267

2022-12-13T09:12:25+00:00 CRITICAL Uncaught Error: Class 'Yoast\WP\Duplicate_Post\UI\Classic_Editor' not found in /home/sawproch/public_html/taurussports.omae.ch/wp-content/plugins/duplicate-post/src/ui/user-interface.php:114
Stack trace:
#0 /home/sawproch/public_html/taurussports.omae.ch/wp-content/plugins/duplicate-post/src/duplicate-post.php(70): Yoast\WP\Duplicate_Post\UI\User_Interface->__construct(Object(Yoast\WP\Duplicate_Post\Permissions_Helper))
#1 /home/sawproch/public_html/taurussports.omae.ch/wp-content/plugins/duplicate-post/duplicate-post.php(71): Yoast\WP\Duplicate_Post\Duplicate_Post->__construct()
#2 /home/sawproch/public_html/taurussports.omae.ch/wp-includes/class-wp-hook.php(308): __duplicate_post_main('')
#3 /home/sawproch/public_html/taurussports.omae.ch/wp-includes/class-wp-hook.php(332): WP_Hook->apply_filters(NULL, Array)
#4 /home/sawproch/public_html/taurussports.omae.ch/wp-includes/plugin.php(517): WP_Hook->do_action(Array)
#5 /home/sawproch/public_html/taurussports.omae.ch/wp-settings.php(480): do_action('plugins_loa in /home/sawproch/public_html/taurussports.omae.ch/wp-content/plugins/duplicate-post/src/ui/user-interface.php on line 114

2022-12-13T09:16:52+00:00 CRITICAL require_once(): Failed opening required '/home/sawproch/public_html/taurussports.omae.ch/wp-content/plugins/ti-woocommerce-wishlist/integrations/woocommerce-product-addons.php' (include_path='.') in /home/sawproch/public_html/taurussports.omae.ch/wp-content/plugins/ti-woocommerce-wishlist/ti-woocommerce-wishlist.php on line 245

2022-12-13T09:17:49+00:00 CRITICAL require(): Failed opening required '/home/sawproch/public_html/taurussports.omae.ch/wp-content/plugins/woocommerce/src/Internal/Admin/Settings.php' (include_path='.') in /home/sawproch/public_html/taurussports.omae.ch/wp-content/plugins/woocommerce/vendor/jetpack-autoloader/class-php-autoloader.php on line 87

2022-12-13T09:19:04+00:00 CRITICAL require_once(): Failed opening required '/home/sawproch/public_html/taurussports.omae.ch/wp-content/plugins/ti-woocommerce-wishlist/integrations/uni-woo-custom-product-options.php' (include_path='.') in /home/sawproch/public_html/taurussports.omae.ch/wp-content/plugins/ti-woocommerce-wishlist/ti-woocommerce-wishlist.php on line 245

2022-12-13T09:32:20+00:00 CRITICAL Uncaught Error: Class 'WC_Customer' not found in /home/sawproch/public_html/taurussports.omae.ch/wp-content/plugins/woocommerce/includes/class-woocommerce.php:840
Stack trace:
#0 /home/sawproch/public_html/taurussports.omae.ch/wp-content/plugins/woocommerce/includes/wc-core-functions.php(2550): WooCommerce->initialize_cart()
#1 /home/sawproch/public_html/taurussports.omae.ch/wp-content/plugins/woocommerce/includes/class-woocommerce.php(659): wc_load_cart()
#2 /home/sawproch/public_html/taurussports.omae.ch/wp-includes/class-wp-hook.php(308): WooCommerce->init('')
#3 /home/sawproch/public_html/taurussports.omae.ch/wp-includes/class-wp-hook.php(332): WP_Hook->apply_filters(NULL, Array)
#4 /home/sawproch/public_html/taurussports.omae.ch/wp-includes/plugin.php(517): WP_Hook->do_action(Array)
#5 /home/sawproch/public_html/taurussports.omae.ch/wp-settings.php(617): do_action('init')
#6 /home/sawproch/public_html/taurussports.omae.ch/wp-config.php(96): require_once('/home/sawproch/...')
#7 /home/sawproch/public_html in /home/sawproch/public_html/taurussports.omae.ch/wp-content/plugins/woocommerce/includes/class-woocommerce.php on line 840

2022-12-13T09:32:36+00:00 CRITICAL Uncaught Error: Class 'WC_Tax' not found in /home/sawproch/public_html/taurussports.omae.ch/wp-content/plugins/woocommerce/includes/abstracts/abstract-wc-product.php:937
Stack trace:
#0 /home/sawproch/public_html/taurussports.omae.ch/wp-content/plugins/woocommerce/includes/abstracts/abstract-wc-product.php(922): WC_Product->get_valid_tax_classes()
#1 /home/sawproch/public_html/taurussports.omae.ch/wp-content/plugins/woocommerce/includes/abstracts/abstract-wc-data.php(738): WC_Product->set_tax_class('')
#2 /home/sawproch/public_html/taurussports.omae.ch/wp-content/plugins/woocommerce/includes/data-stores/class-wc-product-data-store-cpt.php(373): WC_Data->set_props(Array)
#3 /home/sawproch/public_html/taurussports.omae.ch/wp-content/plugins/woocommerce/includes/data-stores/class-wc-product-data-store-cpt.php(189): WC_Product_Data_Store_CPT->read_product_data(Object(WC_Product_Simple))
#4 /home/sawproch/public_html/taurussports.omae.ch/wp-content/plugins/woocommerce/includes/class-wc-data-store.php(159): WC_Prod in /home/sawproch/public_html/taurussports.omae.ch/wp-content/plugins/woocommerce/includes/abstracts/abstract-wc-product.php on line 937

2022-12-13T09:34:19+00:00 CRITICAL require(): Failed opening required '/home/sawproch/public_html/taurussports.omae.ch/wp-content/plugins/woocommerce/src/Internal/Admin/Onboarding/OnboardingSetupWizard.php' (include_path='.') in /home/sawproch/public_html/taurussports.omae.ch/wp-content/plugins/woocommerce/vendor/jetpack-autoloader/class-php-autoloader.php on line 87

2022-12-13T09:38:12+00:00 CRITICAL require_once(): Failed opening required '/home/sawproch/public_html/taurussports.omae.ch/wp-content/plugins/astra-addon/classes/builder/type/base/configurations/class-astra-addon-button-component-configs.php' (include_path='.') in /home/sawproch/public_html/taurussports.omae.ch/wp-content/plugins/astra-addon/classes/builder/class-astra-addon-builder-customizer.php on line 59

2022-12-13T09:38:30+00:00 CRITICAL require(): Failed opening required '/home/sawproch/public_html/taurussports.omae.ch/wp-content/plugins/woocommerce/src/Database/Migrations/CustomOrderTable/PostToOrderTableMigrator.php' (include_path='.') in /home/sawproch/public_html/taurussports.omae.ch/wp-content/plugins/woocommerce/vendor/jetpack-autoloader/class-php-autoloader.php on line 87

2022-12-13T09:41:15+00:00 CRITICAL Uncaught Error: Class '\ElementorPro\Modules\CustomAttributes\Module' not found in /home/sawproch/public_html/taurussports.omae.ch/wp-content/plugins/elementor-pro/core/modules-manager.php:75
Stack trace:
#0 /home/sawproch/public_html/taurussports.omae.ch/wp-content/plugins/elementor-pro/plugin.php(357): ElementorPro\Core\Modules_Manager->__construct()
#1 /home/sawproch/public_html/taurussports.omae.ch/wp-includes/class-wp-hook.php(308): ElementorPro\Plugin->on_elementor_init('')
#2 /home/sawproch/public_html/taurussports.omae.ch/wp-includes/class-wp-hook.php(332): WP_Hook->apply_filters('', Array)
#3 /home/sawproch/public_html/taurussports.omae.ch/wp-includes/plugin.php(517): WP_Hook->do_action(Array)
#4 /home/sawproch/public_html/taurussports.omae.ch/wp-content/plugins/elementor/includes/plugin.php(652): do_action('elementor/init')
#5 /home/sawproch/public_html/taurussports.omae.ch/wp-includes/class-wp-hook.php(308): Elementor\Plugin->init('')
#6 /home/sawproch/public_html/taurussports.omae.ch/wp-includes/c in /home/sawproch/public_html/taurussports.omae.ch/wp-content/plugins/elementor-pro/core/modules-manager.php on line 75

2022-12-13T09:44:40+00:00 CRITICAL require_once(): Failed opening required '/home/sawproch/public_html/taurussports.omae.ch/wp-content/themes/astra/inc/theme-update/class-astra-theme-background-updater.php' (include_path='.') in /home/sawproch/public_html/taurussports.omae.ch/wp-content/themes/astra/functions.php on line 42

2022-12-13T10:35:54+00:00 CRITICAL require(): Failed opening required '/home/sawproch/public_html/taurussports.omae.ch/wp-content/plugins/woocommerce/src/Internal/Admin/Schedulers/ImportScheduler.php' (include_path='.') in /home/sawproch/public_html/taurussports.omae.ch/wp-content/plugins/woocommerce/vendor/jetpack-autoloader/class-php-autoloader.php on line 87

2022-12-13T10:36:46+00:00 CRITICAL Uncaught Error: Class 'Wdr\App\Controllers\ManageDiscount' not found in /home/sawproch/public_html/taurussports.omae.ch/wp-content/plugins/woo-discount-rules/v2/App/Controllers/Admin/WDRAjax.php:32
Stack trace:
#0 /home/sawproch/public_html/taurussports.omae.ch/wp-content/plugins/woo-discount-rules/v2/App/Router.php(29): Wdr\App\Controllers\Admin\WDRAjax->__construct()
#1 /home/sawproch/public_html/taurussports.omae.ch/wp-content/plugins/woo-discount-rules/woo-discount-rules.php(179): Wdr\App\Router->__construct()
#2 /home/sawproch/public_html/taurussports.omae.ch/wp-includes/class-wp-hook.php(308): {closure}('')
#3 /home/sawproch/public_html/taurussports.omae.ch/wp-includes/class-wp-hook.php(332): WP_Hook->apply_filters(NULL, Array)
#4 /home/sawproch/public_html/taurussports.omae.ch/wp-includes/plugin.php(517): WP_Hook->do_action(Array)
#5 /home/sawproch/public_html/taurussports.omae.ch/wp-settings.php(480): do_action('plugins_loaded')
#6 /home/sawproch/public_html/taurussports.omae.ch/wp-config.php(96): req in /home/sawproch/public_html/taurussports.omae.ch/wp-content/plugins/woo-discount-rules/v2/App/Controllers/Admin/WDRAjax.php on line 32

2022-12-13T10:36:47+00:00 CRITICAL Uncaught Error: Class 'ElementorPro\Modules\Forms\Submissions\Actions\Save_To_Database' not found in /home/sawproch/public_html/taurussports.omae.ch/wp-content/plugins/elementor-pro/modules/forms/submissions/component.php:163
Stack trace:
#0 /home/sawproch/public_html/taurussports.omae.ch/wp-includes/class-wp-hook.php(308): ElementorPro\Modules\Forms\Submissions\Component->ElementorPro\Modules\Forms\Submissions\{closure}(Object(ElementorPro\Modules\Forms\Registrars\Form_Actions_Registrar))
#1 /home/sawproch/public_html/taurussports.omae.ch/wp-includes/class-wp-hook.php(332): WP_Hook->apply_filters('', Array)
#2 /home/sawproch/public_html/taurussports.omae.ch/wp-includes/plugin.php(517): WP_Hook->do_action(Array)
#3 /home/sawproch/public_html/taurussports.omae.ch/wp-content/plugins/elementor-pro/modules/forms/registrars/form-actions-registrar.php(74): do_action('elementor_pro/f...', Object(ElementorPro\Modules\Forms\Registrars\Form_Actions_Registrar))
#4 /home/sawproch/public_html/taurussports.omae.ch/wp-conte in /home/sawproch/public_html/taurussports.omae.ch/wp-content/plugins/elementor-pro/modules/forms/submissions/component.php on line 163

2022-12-13T10:36:47+00:00 CRITICAL Uncaught Error: Class 'ElementorPro\Modules\Forms\Submissions\Actions\Save_To_Database' not found in /home/sawproch/public_html/taurussports.omae.ch/wp-content/plugins/elementor-pro/modules/forms/submissions/component.php:163
Stack trace:
#0 /home/sawproch/public_html/taurussports.omae.ch/wp-includes/class-wp-hook.php(308): ElementorPro\Modules\Forms\Submissions\Component->ElementorPro\Modules\Forms\Submissions\{closure}(Object(ElementorPro\Modules\Forms\Registrars\Form_Actions_Registrar))
#1 /home/sawproch/public_html/taurussports.omae.ch/wp-includes/class-wp-hook.php(332): WP_Hook->apply_filters('', Array)
#2 /home/sawproch/public_html/taurussports.omae.ch/wp-includes/plugin.php(517): WP_Hook->do_action(Array)
#3 /home/sawproch/public_html/taurussports.omae.ch/wp-content/plugins/elementor-pro/modules/forms/registrars/form-actions-registrar.php(74): do_action('elementor_pro/f...', Object(ElementorPro\Modules\Forms\Registrars\Form_Actions_Registrar))
#4 /home/sawproch/public_html/taurussports.omae.ch/wp-conte in /home/sawproch/public_html/taurussports.omae.ch/wp-content/plugins/elementor-pro/modules/forms/submissions/component.php on line 163

