[2022-10-17T20:41:51+00:00] Prepare facts for a scan
[2022-10-17T20:41:51+00:00] Current task gather_fact
[2022-10-17T20:41:51+00:00] processing gather_fact
[2022-10-17T20:41:51+00:00] Core: 2478
[2022-10-17T20:41:51+00:00] get_core_files in 0
[2022-10-17T20:41:51+00:00] process done, queue for next
[2022-10-17T20:41:51+00:00] Scan not done, pinging
[2022-10-17T20:41:51+00:00] Current task gather_fact
[2022-10-17T20:41:51+00:00] processing gather_fact
[2022-10-17T20:41:57+00:00] Content: 6736
[2022-10-17T20:41:57+00:00] get_content_files in 6
[2022-10-17T20:41:57+00:00] task gather_fact processed
[2022-10-17T20:41:57+00:00] queue core_integrity_check for next
[2022-10-17T20:41:57+00:00] process done, queue for next
[2022-10-17T20:41:57+00:00] Scan not done, pinging
[2022-10-17T20:41:57+00:00] Current task core_integrity_check
[2022-10-17T20:41:57+00:00] processing core_integrity_check
[2022-10-17T20:41:57+00:00] Fetch checksums, should only once
[2022-10-17T20:41:57+00:00] current pos 0
[2022-10-17T20:41:58+00:00] skip /home/sawproch/public_html/taurussports.omae.ch/wp-admin/error_log because of file is ignored
[2022-10-17T20:42:01+00:00] skip /home/sawproch/public_html/taurussports.omae.ch/.htaccess because of file is whitelisted
[2022-10-17T20:42:01+00:00] skip /home/sawproch/public_html/taurussports.omae.ch/cgi-bin because of non-WP directory is empty
[2022-10-17T20:42:01+00:00] task core_integrity_check processed
[2022-10-17T20:42:01+00:00] queue vuln_check for next
[2022-10-17T20:42:01+00:00] process done, queue for next
[2022-10-17T20:42:01+00:00] Scan not done, pinging
[2022-10-17T20:42:01+00:00] Current task vuln_check
[2022-10-17T20:42:01+00:00] processing vuln_check
[2022-10-17T20:42:03+00:00] task vuln_check processed
[2022-10-17T20:42:03+00:00] All done!
[2022-10-17T20:42:03+00:00] process done, queue for next
